# JRE version: Java(TM) SE Runtime Environment (7.0_45-b18) (build 1.7.0_45-b18)
# Java VM: Java HotSpot(TM) 64-Bit Server VM (24.45-b08 mixed mode linux-amd64 compressed oops)
Heap
 garbage-first heap   total 524288K, used 66281K [0x00000000dae00000, 0x00000000fae00000, 0x00000000fae00000)
  region size 1024K, 16 young (16384K), 4 survivors (4096K)
 compacting perm gen  total 20480K, used 13964K [0x00000000fae00000, 0x00000000fc200000, 0x0000000100000000)
   the space 20480K,  68% used [0x00000000fae00000, 0x00000000fbba3250, 0x00000000fbba3400, 0x00000000fc200000)
Heap Regions: (Y=young(eden), SU=young(survivor), HS=humongous(starts), HC=humongous(continues), CS=collection set, F=free, TS=gc time stamp, PTAMS=previous top-at-mark-start, NTAMS=next top-at-mark-start)
            TS    11 PTAMS 0x00000000dae00000 NTAMS 0x00000000dae00000 space 1024K, 100% used [0x00000000dae00000, 0x00000000daf00000, 0x00000000daf00000)
          F TS    17 PTAMS 0x00000000daf00000 NTAMS 0x00000000daf00000 space 1024K,   0% used [0x00000000daf00000, 0x00000000daf00000, 0x00000000db000000)
          F TS    17 PTAMS 0x00000000db000000 NTAMS 0x00000000db000000 space 1024K,   0% used [0x00000000db000000, 0x00000000db000000, 0x00000000db100000)
          F TS    17 PTAMS 0x00000000db100000 NTAMS 0x00000000db100000 space 1024K,   0% used [0x00000000db100000, 0x00000000db100000, 0x00000000db200000)
          F TS    17 PTAMS 0x00000000db200000 NTAMS 0x00000000db200000 space 1024K,   0% used [0x00000000db200000, 0x00000000db200000, 0x00000000db300000)
    CS SU   TS    17 PTAMS 0x00000000db300000 NTAMS 0x00000000db300000 space 1024K, 100% used [0x00000000db300000, 0x00000000db400000, 0x00000000db400000)
            TS    17 PTAMS 0x00000000db400000 NTAMS 0x00000000db400000 space 1024K, 100% used [0x00000000db400000, 0x00000000db500000, 0x00000000db500000)
            TS     9 PTAMS 0x00000000db500000 NTAMS 0x00000000db500000 space 1024K, 100% used [0x00000000db500000, 0x00000000db600000, 0x00000000db600000)
    CS SU   TS    17 PTAMS 0x00000000db600000 NTAMS 0x00000000db600000 space 1024K, 100% used [0x00000000db600000, 0x00000000db700000, 0x00000000db700000)
            TS    17 PTAMS 0x00000000db700000 NTAMS 0x00000000db700000 space 1024K, 100% used [0x00000000db700000, 0x00000000db800000, 0x00000000db800000)
    CS SU   TS    17 PTAMS 0x00000000db800000 NTAMS 0x00000000db800000 space 1024K, 100% used [0x00000000db800000, 0x00000000db900000, 0x00000000db900000)
            TS     7 PTAMS 0x00000000db900000 NTAMS 0x00000000db900000 space 1024K, 100% used [0x00000000db900000, 0x00000000dba00000, 0x00000000dba00000)
            TS    17 PTAMS 0x00000000dba00000 NTAMS 0x00000000dba00000 space 1024K, 100% used [0x00000000dba00000, 0x00000000dbb00000, 0x00000000dbb00000)
            TS    17 PTAMS 0x00000000dbb00000 NTAMS 0x00000000dbb00000 space 1024K, 100% used [0x00000000dbb00000, 0x00000000dbc00000, 0x00000000dbc00000)
            TS    17 PTAMS 0x00000000dbc00000 NTAMS 0x00000000dbc00000 space 1024K, 100% used [0x00000000dbc00000, 0x00000000dbd00000, 0x00000000dbd00000)
            TS    17 PTAMS 0x00000000dbd00000 NTAMS 0x00000000dbd00000 space 1024K, 100% used [0x00000000dbd00000, 0x00000000dbe00000, 0x00000000dbe00000)
            TS    17 PTAMS 0x00000000dbe00000 NTAMS 0x00000000dbe00000 space 1024K, 100% used [0x00000000dbe00000, 0x00000000dbf00000, 0x00000000dbf00000)
            TS    17 PTAMS 0x00000000dbf00000 NTAMS 0x00000000dbf00000 space 1024K, 100% used [0x00000000dbf00000, 0x00000000dc000000, 0x00000000dc000000)
 HS         TS     0 PTAMS 0x00000000dc000000 NTAMS 0x00000000dc000000 space 2048K,  75% used [0x00000000dc000000, 0x00000000dc181b38, 0x00000000dc200000)
 HC         TS     0 PTAMS 0x00000000dc100000 NTAMS 0x00000000dc100000 space 1024K,  50% used [0x00000000dc100000, 0x00000000dc181b38, 0x00000000dc200000)
            TS    17 PTAMS 0x00000000dc200000 NTAMS 0x00000000dc200000 space 1024K, 100% used [0x00000000dc200000, 0x00000000dc300000, 0x00000000dc300000)
            TS    17 PTAMS 0x00000000dc300000 NTAMS 0x00000000dc300000 space 1024K, 100% used [0x00000000dc300000, 0x00000000dc400000, 0x00000000dc400000)
            TS    17 PTAMS 0x00000000dc400000 NTAMS 0x00000000dc400000 space 1024K, 100% used [0x00000000dc400000, 0x00000000dc500000, 0x00000000dc500000)
            TS    17 PTAMS 0x00000000dc500000 NTAMS 0x00000000dc500000 space 1024K, 100% used [0x00000000dc500000, 0x00000000dc600000, 0x00000000dc600000)
            TS     3 PTAMS 0x00000000dc600000 NTAMS 0x00000000dc600000 space 1024K, 100% used [0x00000000dc600000, 0x00000000dc700000, 0x00000000dc700000)
            TS    17 PTAMS 0x00000000dc700000 NTAMS 0x00000000dc700000 space 1024K, 100% used [0x00000000dc700000, 0x00000000dc800000, 0x00000000dc800000)
            TS    17 PTAMS 0x00000000dc800000 NTAMS 0x00000000dc800000 space 1024K, 100% used [0x00000000dc800000, 0x00000000dc900000, 0x00000000dc900000)
            TS    17 PTAMS 0x00000000dc900000 NTAMS 0x00000000dc900000 space 1024K, 100% used [0x00000000dc900000, 0x00000000dca00000, 0x00000000dca00000)
            TS    17 PTAMS 0x00000000dca00000 NTAMS 0x00000000dca00000 space 1024K, 100% used [0x00000000dca00000, 0x00000000dcb00000, 0x00000000dcb00000)
            TS    17 PTAMS 0x00000000dcb00000 NTAMS 0x00000000dcb00000 space 1024K, 100% used [0x00000000dcb00000, 0x00000000dcc00000, 0x00000000dcc00000)
            TS    17 PTAMS 0x00000000dcc00000 NTAMS 0x00000000dcc00000 space 1024K, 100% used [0x00000000dcc00000, 0x00000000dcd00000, 0x00000000dcd00000)
            TS    17 PTAMS 0x00000000dcd00000 NTAMS 0x00000000dcd00000 space 1024K, 100% used [0x00000000dcd00000, 0x00000000dce00000, 0x00000000dce00000)
            TS     1 PTAMS 0x00000000dce00000 NTAMS 0x00000000dce00000 space 1024K, 100% used [0x00000000dce00000, 0x00000000dcf00000, 0x00000000dcf00000)
            TS     3 PTAMS 0x00000000dcf00000 NTAMS 0x00000000dcf00000 space 1024K, 100% used [0x00000000dcf00000, 0x00000000dd000000, 0x00000000dd000000)
            TS     3 PTAMS 0x00000000dd000000 NTAMS 0x00000000dd000000 space 1024K, 100% used [0x00000000dd000000, 0x00000000dd100000, 0x00000000dd100000)
            TS     3 PTAMS 0x00000000dd100000 NTAMS 0x00000000dd100000 space 1024K, 100% used [0x00000000dd100000, 0x00000000dd200000, 0x00000000dd200000)
            TS     5 PTAMS 0x00000000dd200000 NTAMS 0x00000000dd200000 space 1024K, 100% used [0x00000000dd200000, 0x00000000dd300000, 0x00000000dd300000)
            TS    17 PTAMS 0x00000000dd300000 NTAMS 0x00000000dd300000 space 1024K, 100% used [0x00000000dd300000, 0x00000000dd400000, 0x00000000dd400000)
            TS     5 PTAMS 0x00000000dd400000 NTAMS 0x00000000dd400000 space 1024K, 100% used [0x00000000dd400000, 0x00000000dd500000, 0x00000000dd500000)
            TS     7 PTAMS 0x00000000dd500000 NTAMS 0x00000000dd500000 space 1024K, 100% used [0x00000000dd500000, 0x00000000dd600000, 0x00000000dd600000)
            TS    17 PTAMS 0x00000000dd600000 NTAMS 0x00000000dd600000 space 1024K, 100% used [0x00000000dd600000, 0x00000000dd700000, 0x00000000dd700000)
            TS     7 PTAMS 0x00000000dd700000 NTAMS 0x00000000dd700000 space 1024K, 100% used [0x00000000dd700000, 0x00000000dd800000, 0x00000000dd800000)
            TS     9 PTAMS 0x00000000dd800000 NTAMS 0x00000000dd800000 space 1024K, 100% used [0x00000000dd800000, 0x00000000dd900000, 0x00000000dd900000)
    CS SU   TS    17 PTAMS 0x00000000dd900000 NTAMS 0x00000000dd900000 space 1024K, 100% used [0x00000000dd900000, 0x00000000dda00000, 0x00000000dda00000)
            TS     9 PTAMS 0x00000000dda00000 NTAMS 0x00000000dda00000 space 1024K, 100% used [0x00000000dda00000, 0x00000000ddb00000, 0x00000000ddb00000)
            TS     9 PTAMS 0x00000000ddb00000 NTAMS 0x00000000ddb00000 space 1024K, 100% used [0x00000000ddb00000, 0x00000000ddc00000, 0x00000000ddc00000)
            TS     9 PTAMS 0x00000000ddc00000 NTAMS 0x00000000ddc00000 space 1024K, 100% used [0x00000000ddc00000, 0x00000000ddd00000, 0x00000000ddd00000)
          F TS    17 PTAMS 0x00000000ddd00000 NTAMS 0x00000000ddd00000 space 1024K,   0% used [0x00000000ddd00000, 0x00000000ddd00000, 0x00000000dde00000)
            TS    11 PTAMS 0x00000000dde00000 NTAMS 0x00000000dde00000 space 1024K, 100% used [0x00000000dde00000, 0x00000000ddf00000, 0x00000000ddf00000)
            TS    11 PTAMS 0x00000000ddf00000 NTAMS 0x00000000ddf00000 space 1024K, 100% used [0x00000000ddf00000, 0x00000000de000000, 0x00000000de000000)
            TS    11 PTAMS 0x00000000de000000 NTAMS 0x00000000de000000 space 1024K, 100% used [0x00000000de000000, 0x00000000de100000, 0x00000000de100000)
            TS    11 PTAMS 0x00000000de100000 NTAMS 0x00000000de100000 space 1024K, 100% used [0x00000000de100000, 0x00000000de200000, 0x00000000de200000)
            TS    17 PTAMS 0x00000000de200000 NTAMS 0x00000000de200000 space 1024K,  22% used [0x00000000de200000, 0x00000000de238ad0, 0x00000000de300000)
          F TS    15 PTAMS 0x00000000de300000 NTAMS 0x00000000de300000 space 1024K,   0% used [0x00000000de300000, 0x00000000de300000, 0x00000000de400000)
          F TS    15 PTAMS 0x00000000de400000 NTAMS 0x00000000de400000 space 1024K,   0% used [0x00000000de400000, 0x00000000de400000, 0x00000000de500000)
          F TS    15 PTAMS 0x00000000de500000 NTAMS 0x00000000de500000 space 1024K,   0% used [0x00000000de500000, 0x00000000de500000, 0x00000000de600000)
          F TS    15 PTAMS 0x00000000de600000 NTAMS 0x00000000de600000 space 1024K,   0% used [0x00000000de600000, 0x00000000de600000, 0x00000000de700000)
          F TS    17 PTAMS 0x00000000de700000 NTAMS 0x00000000de700000 space 1024K,   0% used [0x00000000de700000, 0x00000000de700000, 0x00000000de800000)
            TS    13 PTAMS 0x00000000de800000 NTAMS 0x00000000de800000 space 1024K, 100% used [0x00000000de800000, 0x00000000de900000, 0x00000000de900000)
          F TS    17 PTAMS 0x00000000de900000 NTAMS 0x00000000de900000 space 1024K,   0% used [0x00000000de900000, 0x00000000de900000, 0x00000000dea00000)
          F TS    17 PTAMS 0x00000000dea00000 NTAMS 0x00000000dea00000 space 1024K,   0% used [0x00000000dea00000, 0x00000000dea00000, 0x00000000deb00000)
          F TS    17 PTAMS 0x00000000deb00000 NTAMS 0x00000000deb00000 space 1024K,   0% used [0x00000000deb00000, 0x00000000deb00000, 0x00000000dec00000)
          F TS    17 PTAMS 0x00000000dec00000 NTAMS 0x00000000dec00000 space 1024K,   0% used [0x00000000dec00000, 0x00000000dec00000, 0x00000000ded00000)
          F TS    17 PTAMS 0x00000000ded00000 NTAMS 0x00000000ded00000 space 1024K,   0% used [0x00000000ded00000, 0x00000000ded00000, 0x00000000dee00000)
            TS    13 PTAMS 0x00000000dee00000 NTAMS 0x00000000dee00000 space 1024K, 100% used [0x00000000dee00000, 0x00000000def00000, 0x00000000def00000)
            TS    13 PTAMS 0x00000000def00000 NTAMS 0x00000000def00000 space 1024K, 100% used [0x00000000def00000, 0x00000000df000000, 0x00000000df000000)
            TS    13 PTAMS 0x00000000df000000 NTAMS 0x00000000df000000 space 1024K, 100% used [0x00000000df000000, 0x00000000df100000, 0x00000000df100000)
          F TS    15 PTAMS 0x00000000df100000 NTAMS 0x00000000df100000 space 1024K,   0% used [0x00000000df100000, 0x00000000df100000, 0x00000000df200000)
          F TS    15 PTAMS 0x00000000df200000 NTAMS 0x00000000df200000 space 1024K,   0% used [0x00000000df200000, 0x00000000df200000, 0x00000000df300000)
          F TS    15 PTAMS 0x00000000df300000 NTAMS 0x00000000df300000 space 1024K,   0% used [0x00000000df300000, 0x00000000df300000, 0x00000000df400000)
          F TS    15 PTAMS 0x00000000df400000 NTAMS 0x00000000df400000 space 1024K,   0% used [0x00000000df400000, 0x00000000df400000, 0x00000000df500000)
          F TS    15 PTAMS 0x00000000df500000 NTAMS 0x00000000df500000 space 1024K,   0% used [0x00000000df500000, 0x00000000df500000, 0x00000000df600000)
          F TS    15 PTAMS 0x00000000df600000 NTAMS 0x00000000df600000 space 1024K,   0% used [0x00000000df600000, 0x00000000df600000, 0x00000000df700000)
          F TS    15 PTAMS 0x00000000df700000 NTAMS 0x00000000df700000 space 1024K,   0% used [0x00000000df700000, 0x00000000df700000, 0x00000000df800000)
          F TS    15 PTAMS 0x00000000df800000 NTAMS 0x00000000df800000 space 1024K,   0% used [0x00000000df800000, 0x00000000df800000, 0x00000000df900000)
          F TS    15 PTAMS 0x00000000df900000 NTAMS 0x00000000df900000 space 1024K,   0% used [0x00000000df900000, 0x00000000df900000, 0x00000000dfa00000)
          F TS    15 PTAMS 0x00000000dfa00000 NTAMS 0x00000000dfa00000 space 1024K,   0% used [0x00000000dfa00000, 0x00000000dfa00000, 0x00000000dfb00000)
          F TS    15 PTAMS 0x00000000dfb00000 NTAMS 0x00000000dfb00000 space 1024K,   0% used [0x00000000dfb00000, 0x00000000dfb00000, 0x00000000dfc00000)
          F TS    15 PTAMS 0x00000000dfc00000 NTAMS 0x00000000dfc00000 space 1024K,   0% used [0x00000000dfc00000, 0x00000000dfc00000, 0x00000000dfd00000)
          F TS    15 PTAMS 0x00000000dfd00000 NTAMS 0x00000000dfd00000 space 1024K,   0% used [0x00000000dfd00000, 0x00000000dfd00000, 0x00000000dfe00000)
          F TS    15 PTAMS 0x00000000dfe00000 NTAMS 0x00000000dfe00000 space 1024K,   0% used [0x00000000dfe00000, 0x00000000dfe00000, 0x00000000dff00000)
          F TS    15 PTAMS 0x00000000dff00000 NTAMS 0x00000000dff00000 space 1024K,   0% used [0x00000000dff00000, 0x00000000dff00000, 0x00000000e0000000)
          F TS    15 PTAMS 0x00000000e0000000 NTAMS 0x00000000e0000000 space 1024K,   0% used [0x00000000e0000000, 0x00000000e0000000, 0x00000000e0100000)
          F TS    15 PTAMS 0x00000000e0100000 NTAMS 0x00000000e0100000 space 1024K,   0% used [0x00000000e0100000, 0x00000000e0100000, 0x00000000e0200000)
          F TS    15 PTAMS 0x00000000e0200000 NTAMS 0x00000000e0200000 space 1024K,   0% used [0x00000000e0200000, 0x00000000e0200000, 0x00000000e0300000)
          F TS    15 PTAMS 0x00000000e0300000 NTAMS 0x00000000e0300000 space 1024K,   0% used [0x00000000e0300000, 0x00000000e0300000, 0x00000000e0400000)
          F TS    15 PTAMS 0x00000000e0400000 NTAMS 0x00000000e0400000 space 1024K,   0% used [0x00000000e0400000, 0x00000000e0400000, 0x00000000e0500000)
          F TS    15 PTAMS 0x00000000e0500000 NTAMS 0x00000000e0500000 space 1024K,   0% used [0x00000000e0500000, 0x00000000e0500000, 0x00000000e0600000)
          F TS    15 PTAMS 0x00000000e0600000 NTAMS 0x00000000e0600000 space 1024K,   0% used [0x00000000e0600000, 0x00000000e0600000, 0x00000000e0700000)
          F TS    15 PTAMS 0x00000000e0700000 NTAMS 0x00000000e0700000 space 1024K,   0% used [0x00000000e0700000, 0x00000000e0700000, 0x00000000e0800000)
          F TS    15 PTAMS 0x00000000e0800000 NTAMS 0x00000000e0800000 space 1024K,   0% used [0x00000000e0800000, 0x00000000e0800000, 0x00000000e0900000)
          F TS    15 PTAMS 0x00000000e0900000 NTAMS 0x00000000e0900000 space 1024K,   0% used [0x00000000e0900000, 0x00000000e0900000, 0x00000000e0a00000)
          F TS    15 PTAMS 0x00000000e0a00000 NTAMS 0x00000000e0a00000 space 1024K,   0% used [0x00000000e0a00000, 0x00000000e0a00000, 0x00000000e0b00000)
          F TS    15 PTAMS 0x00000000e0b00000 NTAMS 0x00000000e0b00000 space 1024K,   0% used [0x00000000e0b00000, 0x00000000e0b00000, 0x00000000e0c00000)
          F TS    15 PTAMS 0x00000000e0c00000 NTAMS 0x00000000e0c00000 space 1024K,   0% used [0x00000000e0c00000, 0x00000000e0c00000, 0x00000000e0d00000)
          F TS    15 PTAMS 0x00000000e0d00000 NTAMS 0x00000000e0d00000 space 1024K,   0% used [0x00000000e0d00000, 0x00000000e0d00000, 0x00000000e0e00000)
          F TS    15 PTAMS 0x00000000e0e00000 NTAMS 0x00000000e0e00000 space 1024K,   0% used [0x00000000e0e00000, 0x00000000e0e00000, 0x00000000e0f00000)
          F TS    15 PTAMS 0x00000000e0f00000 NTAMS 0x00000000e0f00000 space 1024K,   0% used [0x00000000e0f00000, 0x00000000e0f00000, 0x00000000e1000000)
          F TS    15 PTAMS 0x00000000e1000000 NTAMS 0x00000000e1000000 space 1024K,   0% used [0x00000000e1000000, 0x00000000e1000000, 0x00000000e1100000)
          F TS    15 PTAMS 0x00000000e1100000 NTAMS 0x00000000e1100000 space 1024K,   0% used [0x00000000e1100000, 0x00000000e1100000, 0x00000000e1200000)
          F TS    15 PTAMS 0x00000000e1200000 NTAMS 0x00000000e1200000 space 1024K,   0% used [0x00000000e1200000, 0x00000000e1200000, 0x00000000e1300000)
          F TS    15 PTAMS 0x00000000e1300000 NTAMS 0x00000000e1300000 space 1024K,   0% used [0x00000000e1300000, 0x00000000e1300000, 0x00000000e1400000)
          F TS    15 PTAMS 0x00000000e1400000 NTAMS 0x00000000e1400000 space 1024K,   0% used [0x00000000e1400000, 0x00000000e1400000, 0x00000000e1500000)
          F TS    15 PTAMS 0x00000000e1500000 NTAMS 0x00000000e1500000 space 1024K,   0% used [0x00000000e1500000, 0x00000000e1500000, 0x00000000e1600000)
          F TS    15 PTAMS 0x00000000e1600000 NTAMS 0x00000000e1600000 space 1024K,   0% used [0x00000000e1600000, 0x00000000e1600000, 0x00000000e1700000)
          F TS    15 PTAMS 0x00000000e1700000 NTAMS 0x00000000e1700000 space 1024K,   0% used [0x00000000e1700000, 0x00000000e1700000, 0x00000000e1800000)
          F TS    15 PTAMS 0x00000000e1800000 NTAMS 0x00000000e1800000 space 1024K,   0% used [0x00000000e1800000, 0x00000000e1800000, 0x00000000e1900000)
          F TS    15 PTAMS 0x00000000e1900000 NTAMS 0x00000000e1900000 space 1024K,   0% used [0x00000000e1900000, 0x00000000e1900000, 0x00000000e1a00000)
          F TS    15 PTAMS 0x00000000e1a00000 NTAMS 0x00000000e1a00000 space 1024K,   0% used [0x00000000e1a00000, 0x00000000e1a00000, 0x00000000e1b00000)
          F TS    15 PTAMS 0x00000000e1b00000 NTAMS 0x00000000e1b00000 space 1024K,   0% used [0x00000000e1b00000, 0x00000000e1b00000, 0x00000000e1c00000)
          F TS    15 PTAMS 0x00000000e1c00000 NTAMS 0x00000000e1c00000 space 1024K,   0% used [0x00000000e1c00000, 0x00000000e1c00000, 0x00000000e1d00000)
          F TS    15 PTAMS 0x00000000e1d00000 NTAMS 0x00000000e1d00000 space 1024K,   0% used [0x00000000e1d00000, 0x00000000e1d00000, 0x00000000e1e00000)
          F TS    15 PTAMS 0x00000000e1e00000 NTAMS 0x00000000e1e00000 space 1024K,   0% used [0x00000000e1e00000, 0x00000000e1e00000, 0x00000000e1f00000)
          F TS    15 PTAMS 0x00000000e1f00000 NTAMS 0x00000000e1f00000 space 1024K,   0% used [0x00000000e1f00000, 0x00000000e1f00000, 0x00000000e2000000)
          F TS    15 PTAMS 0x00000000e2000000 NTAMS 0x00000000e2000000 space 1024K,   0% used [0x00000000e2000000, 0x00000000e2000000, 0x00000000e2100000)
          F TS    15 PTAMS 0x00000000e2100000 NTAMS 0x00000000e2100000 space 1024K,   0% used [0x00000000e2100000, 0x00000000e2100000, 0x00000000e2200000)
          F TS    15 PTAMS 0x00000000e2200000 NTAMS 0x00000000e2200000 space 1024K,   0% used [0x00000000e2200000, 0x00000000e2200000, 0x00000000e2300000)
          F TS    15 PTAMS 0x00000000e2300000 NTAMS 0x00000000e2300000 space 1024K,   0% used [0x00000000e2300000, 0x00000000e2300000, 0x00000000e2400000)
          F TS    15 PTAMS 0x00000000e2400000 NTAMS 0x00000000e2400000 space 1024K,   0% used [0x00000000e2400000, 0x00000000e2400000, 0x00000000e2500000)
          F TS    15 PTAMS 0x00000000e2500000 NTAMS 0x00000000e2500000 space 1024K,   0% used [0x00000000e2500000, 0x00000000e2500000, 0x00000000e2600000)
          F TS    15 PTAMS 0x00000000e2600000 NTAMS 0x00000000e2600000 space 1024K,   0% used [0x00000000e2600000, 0x00000000e2600000, 0x00000000e2700000)
          F TS    15 PTAMS 0x00000000e2700000 NTAMS 0x00000000e2700000 space 1024K,   0% used [0x00000000e2700000, 0x00000000e2700000, 0x00000000e2800000)
          F TS    15 PTAMS 0x00000000e2800000 NTAMS 0x00000000e2800000 space 1024K,   0% used [0x00000000e2800000, 0x00000000e2800000, 0x00000000e2900000)
          F TS    15 PTAMS 0x00000000e2900000 NTAMS 0x00000000e2900000 space 1024K,   0% used [0x00000000e2900000, 0x00000000e2900000, 0x00000000e2a00000)
          F TS    15 PTAMS 0x00000000e2a00000 NTAMS 0x00000000e2a00000 space 1024K,   0% used [0x00000000e2a00000, 0x00000000e2a00000, 0x00000000e2b00000)
          F TS    15 PTAMS 0x00000000e2b00000 NTAMS 0x00000000e2b00000 space 1024K,   0% used [0x00000000e2b00000, 0x00000000e2b00000, 0x00000000e2c00000)
          F TS    15 PTAMS 0x00000000e2c00000 NTAMS 0x00000000e2c00000 space 1024K,   0% used [0x00000000e2c00000, 0x00000000e2c00000, 0x00000000e2d00000)
          F TS    15 PTAMS 0x00000000e2d00000 NTAMS 0x00000000e2d00000 space 1024K,   0% used [0x00000000e2d00000, 0x00000000e2d00000, 0x00000000e2e00000)
          F TS    15 PTAMS 0x00000000e2e00000 NTAMS 0x00000000e2e00000 space 1024K,   0% used [0x00000000e2e00000, 0x00000000e2e00000, 0x00000000e2f00000)
          F TS    15 PTAMS 0x00000000e2f00000 NTAMS 0x00000000e2f00000 space 1024K,   0% used [0x00000000e2f00000, 0x00000000e2f00000, 0x00000000e3000000)
          F TS    15 PTAMS 0x00000000e3000000 NTAMS 0x00000000e3000000 space 1024K,   0% used [0x00000000e3000000, 0x00000000e3000000, 0x00000000e3100000)
          F TS    15 PTAMS 0x00000000e3100000 NTAMS 0x00000000e3100000 space 1024K,   0% used [0x00000000e3100000, 0x00000000e3100000, 0x00000000e3200000)
          F TS    15 PTAMS 0x00000000e3200000 NTAMS 0x00000000e3200000 space 1024K,   0% used [0x00000000e3200000, 0x00000000e3200000, 0x00000000e3300000)
          F TS    15 PTAMS 0x00000000e3300000 NTAMS 0x00000000e3300000 space 1024K,   0% used [0x00000000e3300000, 0x00000000e3300000, 0x00000000e3400000)
          F TS    15 PTAMS 0x00000000e3400000 NTAMS 0x00000000e3400000 space 1024K,   0% used [0x00000000e3400000, 0x00000000e3400000, 0x00000000e3500000)
          F TS    15 PTAMS 0x00000000e3500000 NTAMS 0x00000000e3500000 space 1024K,   0% used [0x00000000e3500000, 0x00000000e3500000, 0x00000000e3600000)
          F TS    15 PTAMS 0x00000000e3600000 NTAMS 0x00000000e3600000 space 1024K,   0% used [0x00000000e3600000, 0x00000000e3600000, 0x00000000e3700000)
          F TS    15 PTAMS 0x00000000e3700000 NTAMS 0x00000000e3700000 space 1024K,   0% used [0x00000000e3700000, 0x00000000e3700000, 0x00000000e3800000)
          F TS    15 PTAMS 0x00000000e3800000 NTAMS 0x00000000e3800000 space 1024K,   0% used [0x00000000e3800000, 0x00000000e3800000, 0x00000000e3900000)
          F TS    15 PTAMS 0x00000000e3900000 NTAMS 0x00000000e3900000 space 1024K,   0% used [0x00000000e3900000, 0x00000000e3900000, 0x00000000e3a00000)
          F TS    15 PTAMS 0x00000000e3a00000 NTAMS 0x00000000e3a00000 space 1024K,   0% used [0x00000000e3a00000, 0x00000000e3a00000, 0x00000000e3b00000)
          F TS    15 PTAMS 0x00000000e3b00000 NTAMS 0x00000000e3b00000 space 1024K,   0% used [0x00000000e3b00000, 0x00000000e3b00000, 0x00000000e3c00000)
          F TS    15 PTAMS 0x00000000e3c00000 NTAMS 0x00000000e3c00000 space 1024K,   0% used [0x00000000e3c00000, 0x00000000e3c00000, 0x00000000e3d00000)
          F TS    15 PTAMS 0x00000000e3d00000 NTAMS 0x00000000e3d00000 space 1024K,   0% used [0x00000000e3d00000, 0x00000000e3d00000, 0x00000000e3e00000)
          F TS    15 PTAMS 0x00000000e3e00000 NTAMS 0x00000000e3e00000 space 1024K,   0% used [0x00000000e3e00000, 0x00000000e3e00000, 0x00000000e3f00000)
          F TS    15 PTAMS 0x00000000e3f00000 NTAMS 0x00000000e3f00000 space 1024K,   0% used [0x00000000e3f00000, 0x00000000e3f00000, 0x00000000e4000000)
          F TS    15 PTAMS 0x00000000e4000000 NTAMS 0x00000000e4000000 space 1024K,   0% used [0x00000000e4000000, 0x00000000e4000000, 0x00000000e4100000)
          F TS    15 PTAMS 0x00000000e4100000 NTAMS 0x00000000e4100000 space 1024K,   0% used [0x00000000e4100000, 0x00000000e4100000, 0x00000000e4200000)
          F TS    15 PTAMS 0x00000000e4200000 NTAMS 0x00000000e4200000 space 1024K,   0% used [0x00000000e4200000, 0x00000000e4200000, 0x00000000e4300000)
          F TS    15 PTAMS 0x00000000e4300000 NTAMS 0x00000000e4300000 space 1024K,   0% used [0x00000000e4300000, 0x00000000e4300000, 0x00000000e4400000)
          F TS    15 PTAMS 0x00000000e4400000 NTAMS 0x00000000e4400000 space 1024K,   0% used [0x00000000e4400000, 0x00000000e4400000, 0x00000000e4500000)
          F TS    15 PTAMS 0x00000000e4500000 NTAMS 0x00000000e4500000 space 1024K,   0% used [0x00000000e4500000, 0x00000000e4500000, 0x00000000e4600000)
          F TS    15 PTAMS 0x00000000e4600000 NTAMS 0x00000000e4600000 space 1024K,   0% used [0x00000000e4600000, 0x00000000e4600000, 0x00000000e4700000)
          F TS    15 PTAMS 0x00000000e4700000 NTAMS 0x00000000e4700000 space 1024K,   0% used [0x00000000e4700000, 0x00000000e4700000, 0x00000000e4800000)
          F TS    15 PTAMS 0x00000000e4800000 NTAMS 0x00000000e4800000 space 1024K,   0% used [0x00000000e4800000, 0x00000000e4800000, 0x00000000e4900000)
          F TS    15 PTAMS 0x00000000e4900000 NTAMS 0x00000000e4900000 space 1024K,   0% used [0x00000000e4900000, 0x00000000e4900000, 0x00000000e4a00000)
          F TS    15 PTAMS 0x00000000e4a00000 NTAMS 0x00000000e4a00000 space 1024K,   0% used [0x00000000e4a00000, 0x00000000e4a00000, 0x00000000e4b00000)
          F TS    15 PTAMS 0x00000000e4b00000 NTAMS 0x00000000e4b00000 space 1024K,   0% used [0x00000000e4b00000, 0x00000000e4b00000, 0x00000000e4c00000)
          F TS    15 PTAMS 0x00000000e4c00000 NTAMS 0x00000000e4c00000 space 1024K,   0% used [0x00000000e4c00000, 0x00000000e4c00000, 0x00000000e4d00000)
          F TS    15 PTAMS 0x00000000e4d00000 NTAMS 0x00000000e4d00000 space 1024K,   0% used [0x00000000e4d00000, 0x00000000e4d00000, 0x00000000e4e00000)
          F TS    15 PTAMS 0x00000000e4e00000 NTAMS 0x00000000e4e00000 space 1024K,   0% used [0x00000000e4e00000, 0x00000000e4e00000, 0x00000000e4f00000)
          F TS    15 PTAMS 0x00000000e4f00000 NTAMS 0x00000000e4f00000 space 1024K,   0% used [0x00000000e4f00000, 0x00000000e4f00000, 0x00000000e5000000)
          F TS    15 PTAMS 0x00000000e5000000 NTAMS 0x00000000e5000000 space 1024K,   0% used [0x00000000e5000000, 0x00000000e5000000, 0x00000000e5100000)
          F TS    15 PTAMS 0x00000000e5100000 NTAMS 0x00000000e5100000 space 1024K,   0% used [0x00000000e5100000, 0x00000000e5100000, 0x00000000e5200000)
          F TS    15 PTAMS 0x00000000e5200000 NTAMS 0x00000000e5200000 space 1024K,   0% used [0x00000000e5200000, 0x00000000e5200000, 0x00000000e5300000)
          F TS    15 PTAMS 0x00000000e5300000 NTAMS 0x00000000e5300000 space 1024K,   0% used [0x00000000e5300000, 0x00000000e5300000, 0x00000000e5400000)
          F TS    15 PTAMS 0x00000000e5400000 NTAMS 0x00000000e5400000 space 1024K,   0% used [0x00000000e5400000, 0x00000000e5400000, 0x00000000e5500000)
          F TS    15 PTAMS 0x00000000e5500000 NTAMS 0x00000000e5500000 space 1024K,   0% used [0x00000000e5500000, 0x00000000e5500000, 0x00000000e5600000)
          F TS    15 PTAMS 0x00000000e5600000 NTAMS 0x00000000e5600000 space 1024K,   0% used [0x00000000e5600000, 0x00000000e5600000, 0x00000000e5700000)
          F TS    15 PTAMS 0x00000000e5700000 NTAMS 0x00000000e5700000 space 1024K,   0% used [0x00000000e5700000, 0x00000000e5700000, 0x00000000e5800000)
          F TS    15 PTAMS 0x00000000e5800000 NTAMS 0x00000000e5800000 space 1024K,   0% used [0x00000000e5800000, 0x00000000e5800000, 0x00000000e5900000)
          F TS    15 PTAMS 0x00000000e5900000 NTAMS 0x00000000e5900000 space 1024K,   0% used [0x00000000e5900000, 0x00000000e5900000, 0x00000000e5a00000)
          F TS    15 PTAMS 0x00000000e5a00000 NTAMS 0x00000000e5a00000 space 1024K,   0% used [0x00000000e5a00000, 0x00000000e5a00000, 0x00000000e5b00000)
          F TS    15 PTAMS 0x00000000e5b00000 NTAMS 0x00000000e5b00000 space 1024K,   0% used [0x00000000e5b00000, 0x00000000e5b00000, 0x00000000e5c00000)
          F TS    15 PTAMS 0x00000000e5c00000 NTAMS 0x00000000e5c00000 space 1024K,   0% used [0x00000000e5c00000, 0x00000000e5c00000, 0x00000000e5d00000)
          F TS    15 PTAMS 0x00000000e5d00000 NTAMS 0x00000000e5d00000 space 1024K,   0% used [0x00000000e5d00000, 0x00000000e5d00000, 0x00000000e5e00000)
          F TS    15 PTAMS 0x00000000e5e00000 NTAMS 0x00000000e5e00000 space 1024K,   0% used [0x00000000e5e00000, 0x00000000e5e00000, 0x00000000e5f00000)
          F TS    15 PTAMS 0x00000000e5f00000 NTAMS 0x00000000e5f00000 space 1024K,   0% used [0x00000000e5f00000, 0x00000000e5f00000, 0x00000000e6000000)
          F TS    15 PTAMS 0x00000000e6000000 NTAMS 0x00000000e6000000 space 1024K,   0% used [0x00000000e6000000, 0x00000000e6000000, 0x00000000e6100000)
          F TS    15 PTAMS 0x00000000e6100000 NTAMS 0x00000000e6100000 space 1024K,   0% used [0x00000000e6100000, 0x00000000e6100000, 0x00000000e6200000)
          F TS    15 PTAMS 0x00000000e6200000 NTAMS 0x00000000e6200000 space 1024K,   0% used [0x00000000e6200000, 0x00000000e6200000, 0x00000000e6300000)
          F TS    15 PTAMS 0x00000000e6300000 NTAMS 0x00000000e6300000 space 1024K,   0% used [0x00000000e6300000, 0x00000000e6300000, 0x00000000e6400000)
          F TS    15 PTAMS 0x00000000e6400000 NTAMS 0x00000000e6400000 space 1024K,   0% used [0x00000000e6400000, 0x00000000e6400000, 0x00000000e6500000)
          F TS    15 PTAMS 0x00000000e6500000 NTAMS 0x00000000e6500000 space 1024K,   0% used [0x00000000e6500000, 0x00000000e6500000, 0x00000000e6600000)
          F TS    15 PTAMS 0x00000000e6600000 NTAMS 0x00000000e6600000 space 1024K,   0% used [0x00000000e6600000, 0x00000000e6600000, 0x00000000e6700000)
          F TS    15 PTAMS 0x00000000e6700000 NTAMS 0x00000000e6700000 space 1024K,   0% used [0x00000000e6700000, 0x00000000e6700000, 0x00000000e6800000)
          F TS    15 PTAMS 0x00000000e6800000 NTAMS 0x00000000e6800000 space 1024K,   0% used [0x00000000e6800000, 0x00000000e6800000, 0x00000000e6900000)
          F TS    15 PTAMS 0x00000000e6900000 NTAMS 0x00000000e6900000 space 1024K,   0% used [0x00000000e6900000, 0x00000000e6900000, 0x00000000e6a00000)
          F TS    15 PTAMS 0x00000000e6a00000 NTAMS 0x00000000e6a00000 space 1024K,   0% used [0x00000000e6a00000, 0x00000000e6a00000, 0x00000000e6b00000)
          F TS    15 PTAMS 0x00000000e6b00000 NTAMS 0x00000000e6b00000 space 1024K,   0% used [0x00000000e6b00000, 0x00000000e6b00000, 0x00000000e6c00000)
          F TS    15 PTAMS 0x00000000e6c00000 NTAMS 0x00000000e6c00000 space 1024K,   0% used [0x00000000e6c00000, 0x00000000e6c00000, 0x00000000e6d00000)
          F TS    15 PTAMS 0x00000000e6d00000 NTAMS 0x00000000e6d00000 space 1024K,   0% used [0x00000000e6d00000, 0x00000000e6d00000, 0x00000000e6e00000)
          F TS    15 PTAMS 0x00000000e6e00000 NTAMS 0x00000000e6e00000 space 1024K,   0% used [0x00000000e6e00000, 0x00000000e6e00000, 0x00000000e6f00000)
          F TS    15 PTAMS 0x00000000e6f00000 NTAMS 0x00000000e6f00000 space 1024K,   0% used [0x00000000e6f00000, 0x00000000e6f00000, 0x00000000e7000000)
          F TS    15 PTAMS 0x00000000e7000000 NTAMS 0x00000000e7000000 space 1024K,   0% used [0x00000000e7000000, 0x00000000e7000000, 0x00000000e7100000)
          F TS    15 PTAMS 0x00000000e7100000 NTAMS 0x00000000e7100000 space 1024K,   0% used [0x00000000e7100000, 0x00000000e7100000, 0x00000000e7200000)
    CS Y    TS    17 PTAMS 0x00000000e7200000 NTAMS 0x00000000e7200000 space 1024K, 100% used [0x00000000e7200000, 0x00000000e7300000, 0x00000000e7300000)
    CS Y    TS    17 PTAMS 0x00000000e7300000 NTAMS 0x00000000e7300000 space 1024K, 100% used [0x00000000e7300000, 0x00000000e7400000, 0x00000000e7400000)
    CS Y    TS    17 PTAMS 0x00000000e7400000 NTAMS 0x00000000e7400000 space 1024K, 100% used [0x00000000e7400000, 0x00000000e7500000, 0x00000000e7500000)
    CS Y    TS    17 PTAMS 0x00000000e7500000 NTAMS 0x00000000e7500000 space 1024K, 100% used [0x00000000e7500000, 0x00000000e7600000, 0x00000000e7600000)
    CS Y    TS    17 PTAMS 0x00000000e7600000 NTAMS 0x00000000e7600000 space 1024K, 100% used [0x00000000e7600000, 0x00000000e7700000, 0x00000000e7700000)
    CS Y    TS    17 PTAMS 0x00000000e7700000 NTAMS 0x00000000e7700000 space 1024K, 100% used [0x00000000e7700000, 0x00000000e7800000, 0x00000000e7800000)
    CS Y    TS    17 PTAMS 0x00000000e7800000 NTAMS 0x00000000e7800000 space 1024K, 100% used [0x00000000e7800000, 0x00000000e7900000, 0x00000000e7900000)
    CS Y    TS    17 PTAMS 0x00000000e7900000 NTAMS 0x00000000e7900000 space 1024K, 100% used [0x00000000e7900000, 0x00000000e7a00000, 0x00000000e7a00000)
    CS Y    TS    17 PTAMS 0x00000000e7a00000 NTAMS 0x00000000e7a00000 space 1024K, 100% used [0x00000000e7a00000, 0x00000000e7b00000, 0x00000000e7b00000)
    CS Y    TS    17 PTAMS 0x00000000e7b00000 NTAMS 0x00000000e7b00000 space 1024K, 100% used [0x00000000e7b00000, 0x00000000e7c00000, 0x00000000e7c00000)
    CS Y    TS    17 PTAMS 0x00000000e7c00000 NTAMS 0x00000000e7c00000 space 1024K, 100% used [0x00000000e7c00000, 0x00000000e7d00000, 0x00000000e7d00000)
       Y    TS    17 PTAMS 0x00000000e7d00000 NTAMS 0x00000000e7d00000 space 1024K,  49% used [0x00000000e7d00000, 0x00000000e7d7ec40, 0x00000000e7e00000)
          F TS    17 PTAMS 0x00000000e7e00000 NTAMS 0x00000000e7e00000 space 1024K,   0% used [0x00000000e7e00000, 0x00000000e7e00000, 0x00000000e7f00000)
          F TS    17 PTAMS 0x00000000e7f00000 NTAMS 0x00000000e7f00000 space 1024K,   0% used [0x00000000e7f00000, 0x00000000e7f00000, 0x00000000e8000000)
          F TS    17 PTAMS 0x00000000e8000000 NTAMS 0x00000000e8000000 space 1024K,   0% used [0x00000000e8000000, 0x00000000e8000000, 0x00000000e8100000)
          F TS    17 PTAMS 0x00000000e8100000 NTAMS 0x00000000e8100000 space 1024K,   0% used [0x00000000e8100000, 0x00000000e8100000, 0x00000000e8200000)
          F TS    17 PTAMS 0x00000000e8200000 NTAMS 0x00000000e8200000 space 1024K,   0% used [0x00000000e8200000, 0x00000000e8200000, 0x00000000e8300000)
          F TS    17 PTAMS 0x00000000e8300000 NTAMS 0x00000000e8300000 space 1024K,   0% used [0x00000000e8300000, 0x00000000e8300000, 0x00000000e8400000)
          F TS    17 PTAMS 0x00000000e8400000 NTAMS 0x00000000e8400000 space 1024K,   0% used [0x00000000e8400000, 0x00000000e8400000, 0x00000000e8500000)
          F TS    17 PTAMS 0x00000000e8500000 NTAMS 0x00000000e8500000 space 1024K,   0% used [0x00000000e8500000, 0x00000000e8500000, 0x00000000e8600000)
          F TS    17 PTAMS 0x00000000e8600000 NTAMS 0x00000000e8600000 space 1024K,   0% used [0x00000000e8600000, 0x00000000e8600000, 0x00000000e8700000)
          F TS    17 PTAMS 0x00000000e8700000 NTAMS 0x00000000e8700000 space 1024K,   0% used [0x00000000e8700000, 0x00000000e8700000, 0x00000000e8800000)
          F TS    17 PTAMS 0x00000000e8800000 NTAMS 0x00000000e8800000 space 1024K,   0% used [0x00000000e8800000, 0x00000000e8800000, 0x00000000e8900000)
          F TS    17 PTAMS 0x00000000e8900000 NTAMS 0x00000000e8900000 space 1024K,   0% used [0x00000000e8900000, 0x00000000e8900000, 0x00000000e8a00000)
          F TS    17 PTAMS 0x00000000e8a00000 NTAMS 0x00000000e8a00000 space 1024K,   0% used [0x00000000e8a00000, 0x00000000e8a00000, 0x00000000e8b00000)
          F TS    17 PTAMS 0x00000000e8b00000 NTAMS 0x00000000e8b00000 space 1024K,   0% used [0x00000000e8b00000, 0x00000000e8b00000, 0x00000000e8c00000)
          F TS    17 PTAMS 0x00000000e8c00000 NTAMS 0x00000000e8c00000 space 1024K,   0% used [0x00000000e8c00000, 0x00000000e8c00000, 0x00000000e8d00000)
          F TS    17 PTAMS 0x00000000e8d00000 NTAMS 0x00000000e8d00000 space 1024K,   0% used [0x00000000e8d00000, 0x00000000e8d00000, 0x00000000e8e00000)
          F TS    17 PTAMS 0x00000000e8e00000 NTAMS 0x00000000e8e00000 space 1024K,   0% used [0x00000000e8e00000, 0x00000000e8e00000, 0x00000000e8f00000)
            TS    15 PTAMS 0x00000000e8f00000 NTAMS 0x00000000e8f00000 space 1024K, 100% used [0x00000000e8f00000, 0x00000000e9000000, 0x00000000e9000000)
            TS    15 PTAMS 0x00000000e9000000 NTAMS 0x00000000e9000000 space 1024K, 100% used [0x00000000e9000000, 0x00000000e9100000, 0x00000000e9100000)
            TS    17 PTAMS 0x00000000e9100000 NTAMS 0x00000000e9100000 space 1024K, 100% used [0x00000000e9100000, 0x00000000e9200000, 0x00000000e9200000)
          F TS     0 PTAMS 0x00000000e9200000 NTAMS 0x00000000e9200000 space 1024K,   0% used [0x00000000e9200000, 0x00000000e9200000, 0x00000000e9300000)
          F TS     0 PTAMS 0x00000000e9300000 NTAMS 0x00000000e9300000 space 1024K,   0% used [0x00000000e9300000, 0x00000000e9300000, 0x00000000e9400000)
          F TS     0 PTAMS 0x00000000e9400000 NTAMS 0x00000000e9400000 space 1024K,   0% used [0x00000000e9400000, 0x00000000e9400000, 0x00000000e9500000)
          F TS     0 PTAMS 0x00000000e9500000 NTAMS 0x00000000e9500000 space 1024K,   0% used [0x00000000e9500000, 0x00000000e9500000, 0x00000000e9600000)
          F TS     0 PTAMS 0x00000000e9600000 NTAMS 0x00000000e9600000 space 1024K,   0% used [0x00000000e9600000, 0x00000000e9600000, 0x00000000e9700000)
          F TS     0 PTAMS 0x00000000e9700000 NTAMS 0x00000000e9700000 space 1024K,   0% used [0x00000000e9700000, 0x00000000e9700000, 0x00000000e9800000)
          F TS     0 PTAMS 0x00000000e9800000 NTAMS 0x00000000e9800000 space 1024K,   0% used [0x00000000e9800000, 0x00000000e9800000, 0x00000000e9900000)
          F TS     0 PTAMS 0x00000000e9900000 NTAMS 0x00000000e9900000 space 1024K,   0% used [0x00000000e9900000, 0x00000000e9900000, 0x00000000e9a00000)
          F TS     0 PTAMS 0x00000000e9a00000 NTAMS 0x00000000e9a00000 space 1024K,   0% used [0x00000000e9a00000, 0x00000000e9a00000, 0x00000000e9b00000)
          F TS     0 PTAMS 0x00000000e9b00000 NTAMS 0x00000000e9b00000 space 1024K,   0% used [0x00000000e9b00000, 0x00000000e9b00000, 0x00000000e9c00000)
          F TS     0 PTAMS 0x00000000e9c00000 NTAMS 0x00000000e9c00000 space 1024K,   0% used [0x00000000e9c00000, 0x00000000e9c00000, 0x00000000e9d00000)
          F TS     0 PTAMS 0x00000000e9d00000 NTAMS 0x00000000e9d00000 space 1024K,   0% used [0x00000000e9d00000, 0x00000000e9d00000, 0x00000000e9e00000)
          F TS     0 PTAMS 0x00000000e9e00000 NTAMS 0x00000000e9e00000 space 1024K,   0% used [0x00000000e9e00000, 0x00000000e9e00000, 0x00000000e9f00000)
          F TS     0 PTAMS 0x00000000e9f00000 NTAMS 0x00000000e9f00000 space 1024K,   0% used [0x00000000e9f00000, 0x00000000e9f00000, 0x00000000ea000000)
          F TS     0 PTAMS 0x00000000ea000000 NTAMS 0x00000000ea000000 space 1024K,   0% used [0x00000000ea000000, 0x00000000ea000000, 0x00000000ea100000)
          F TS     0 PTAMS 0x00000000ea100000 NTAMS 0x00000000ea100000 space 1024K,   0% used [0x00000000ea100000, 0x00000000ea100000, 0x00000000ea200000)
          F TS     0 PTAMS 0x00000000ea200000 NTAMS 0x00000000ea200000 space 1024K,   0% used [0x00000000ea200000, 0x00000000ea200000, 0x00000000ea300000)
          F TS     0 PTAMS 0x00000000ea300000 NTAMS 0x00000000ea300000 space 1024K,   0% used [0x00000000ea300000, 0x00000000ea300000, 0x00000000ea400000)
          F TS     0 PTAMS 0x00000000ea400000 NTAMS 0x00000000ea400000 space 1024K,   0% used [0x00000000ea400000, 0x00000000ea400000, 0x00000000ea500000)
          F TS     0 PTAMS 0x00000000ea500000 NTAMS 0x00000000ea500000 space 1024K,   0% used [0x00000000ea500000, 0x00000000ea500000, 0x00000000ea600000)
          F TS     0 PTAMS 0x00000000ea600000 NTAMS 0x00000000ea600000 space 1024K,   0% used [0x00000000ea600000, 0x00000000ea600000, 0x00000000ea700000)
          F TS     0 PTAMS 0x00000000ea700000 NTAMS 0x00000000ea700000 space 1024K,   0% used [0x00000000ea700000, 0x00000000ea700000, 0x00000000ea800000)
          F TS     0 PTAMS 0x00000000ea800000 NTAMS 0x00000000ea800000 space 1024K,   0% used [0x00000000ea800000, 0x00000000ea800000, 0x00000000ea900000)
          F TS     0 PTAMS 0x00000000ea900000 NTAMS 0x00000000ea900000 space 1024K,   0% used [0x00000000ea900000, 0x00000000ea900000, 0x00000000eaa00000)
          F TS     0 PTAMS 0x00000000eaa00000 NTAMS 0x00000000eaa00000 space 1024K,   0% used [0x00000000eaa00000, 0x00000000eaa00000, 0x00000000eab00000)
          F TS     0 PTAMS 0x00000000eab00000 NTAMS 0x00000000eab00000 space 1024K,   0% used [0x00000000eab00000, 0x00000000eab00000, 0x00000000eac00000)
          F TS     0 PTAMS 0x00000000eac00000 NTAMS 0x00000000eac00000 space 1024K,   0% used [0x00000000eac00000, 0x00000000eac00000, 0x00000000ead00000)
          F TS     0 PTAMS 0x00000000ead00000 NTAMS 0x00000000ead00000 space 1024K,   0% used [0x00000000ead00000, 0x00000000ead00000, 0x00000000eae00000)
          F TS     0 PTAMS 0x00000000eae00000 NTAMS 0x00000000eae00000 space 1024K,   0% used [0x00000000eae00000, 0x00000000eae00000, 0x00000000eaf00000)
          F TS     0 PTAMS 0x00000000eaf00000 NTAMS 0x00000000eaf00000 space 1024K,   0% used [0x00000000eaf00000, 0x00000000eaf00000, 0x00000000eb000000)
          F TS     0 PTAMS 0x00000000eb000000 NTAMS 0x00000000eb000000 space 1024K,   0% used [0x00000000eb000000, 0x00000000eb000000, 0x00000000eb100000)
          F TS     0 PTAMS 0x00000000eb100000 NTAMS 0x00000000eb100000 space 1024K,   0% used [0x00000000eb100000, 0x00000000eb100000, 0x00000000eb200000)
          F TS     0 PTAMS 0x00000000eb200000 NTAMS 0x00000000eb200000 space 1024K,   0% used [0x00000000eb200000, 0x00000000eb200000, 0x00000000eb300000)
          F TS     0 PTAMS 0x00000000eb300000 NTAMS 0x00000000eb300000 space 1024K,   0% used [0x00000000eb300000, 0x00000000eb300000, 0x00000000eb400000)
          F TS     0 PTAMS 0x00000000eb400000 NTAMS 0x00000000eb400000 space 1024K,   0% used [0x00000000eb400000, 0x00000000eb400000, 0x00000000eb500000)
          F TS     0 PTAMS 0x00000000eb500000 NTAMS 0x00000000eb500000 space 1024K,   0% used [0x00000000eb500000, 0x00000000eb500000, 0x00000000eb600000)
          F TS     0 PTAMS 0x00000000eb600000 NTAMS 0x00000000eb600000 space 1024K,   0% used [0x00000000eb600000, 0x00000000eb600000, 0x00000000eb700000)
          F TS     0 PTAMS 0x00000000eb700000 NTAMS 0x00000000eb700000 space 1024K,   0% used [0x00000000eb700000, 0x00000000eb700000, 0x00000000eb800000)
          F TS     0 PTAMS 0x00000000eb800000 NTAMS 0x00000000eb800000 space 1024K,   0% used [0x00000000eb800000, 0x00000000eb800000, 0x00000000eb900000)
          F TS     0 PTAMS 0x00000000eb900000 NTAMS 0x00000000eb900000 space 1024K,   0% used [0x00000000eb900000, 0x00000000eb900000, 0x00000000eba00000)
          F TS     0 PTAMS 0x00000000eba00000 NTAMS 0x00000000eba00000 space 1024K,   0% used [0x00000000eba00000, 0x00000000eba00000, 0x00000000ebb00000)
          F TS     0 PTAMS 0x00000000ebb00000 NTAMS 0x00000000ebb00000 space 1024K,   0% used [0x00000000ebb00000, 0x00000000ebb00000, 0x00000000ebc00000)
          F TS     0 PTAMS 0x00000000ebc00000 NTAMS 0x00000000ebc00000 space 1024K,   0% used [0x00000000ebc00000, 0x00000000ebc00000, 0x00000000ebd00000)
          F TS     0 PTAMS 0x00000000ebd00000 NTAMS 0x00000000ebd00000 space 1024K,   0% used [0x00000000ebd00000, 0x00000000ebd00000, 0x00000000ebe00000)
          F TS     0 PTAMS 0x00000000ebe00000 NTAMS 0x00000000ebe00000 space 1024K,   0% used [0x00000000ebe00000, 0x00000000ebe00000, 0x00000000ebf00000)
          F TS     0 PTAMS 0x00000000ebf00000 NTAMS 0x00000000ebf00000 space 1024K,   0% used [0x00000000ebf00000, 0x00000000ebf00000, 0x00000000ec000000)
          F TS     0 PTAMS 0x00000000ec000000 NTAMS 0x00000000ec000000 space 1024K,   0% used [0x00000000ec000000, 0x00000000ec000000, 0x00000000ec100000)
          F TS     0 PTAMS 0x00000000ec100000 NTAMS 0x00000000ec100000 space 1024K,   0% used [0x00000000ec100000, 0x00000000ec100000, 0x00000000ec200000)
          F TS     0 PTAMS 0x00000000ec200000 NTAMS 0x00000000ec200000 space 1024K,   0% used [0x00000000ec200000, 0x00000000ec200000, 0x00000000ec300000)
          F TS     0 PTAMS 0x00000000ec300000 NTAMS 0x00000000ec300000 space 1024K,   0% used [0x00000000ec300000, 0x00000000ec300000, 0x00000000ec400000)
          F TS     0 PTAMS 0x00000000ec400000 NTAMS 0x00000000ec400000 space 1024K,   0% used [0x00000000ec400000, 0x00000000ec400000, 0x00000000ec500000)
          F TS     0 PTAMS 0x00000000ec500000 NTAMS 0x00000000ec500000 space 1024K,   0% used [0x00000000ec500000, 0x00000000ec500000, 0x00000000ec600000)
          F TS     0 PTAMS 0x00000000ec600000 NTAMS 0x00000000ec600000 space 1024K,   0% used [0x00000000ec600000, 0x00000000ec600000, 0x00000000ec700000)
          F TS     0 PTAMS 0x00000000ec700000 NTAMS 0x00000000ec700000 space 1024K,   0% used [0x00000000ec700000, 0x00000000ec700000, 0x00000000ec800000)
          F TS     0 PTAMS 0x00000000ec800000 NTAMS 0x00000000ec800000 space 1024K,   0% used [0x00000000ec800000, 0x00000000ec800000, 0x00000000ec900000)
          F TS     0 PTAMS 0x00000000ec900000 NTAMS 0x00000000ec900000 space 1024K,   0% used [0x00000000ec900000, 0x00000000ec900000, 0x00000000eca00000)
          F TS     0 PTAMS 0x00000000eca00000 NTAMS 0x00000000eca00000 space 1024K,   0% used [0x00000000eca00000, 0x00000000eca00000, 0x00000000ecb00000)
          F TS     0 PTAMS 0x00000000ecb00000 NTAMS 0x00000000ecb00000 space 1024K,   0% used [0x00000000ecb00000, 0x00000000ecb00000, 0x00000000ecc00000)
          F TS     0 PTAMS 0x00000000ecc00000 NTAMS 0x00000000ecc00000 space 1024K,   0% used [0x00000000ecc00000, 0x00000000ecc00000, 0x00000000ecd00000)
          F TS     0 PTAMS 0x00000000ecd00000 NTAMS 0x00000000ecd00000 space 1024K,   0% used [0x00000000ecd00000, 0x00000000ecd00000, 0x00000000ece00000)
          F TS     0 PTAMS 0x00000000ece00000 NTAMS 0x00000000ece00000 space 1024K,   0% used [0x00000000ece00000, 0x00000000ece00000, 0x00000000ecf00000)
          F TS     0 PTAMS 0x00000000ecf00000 NTAMS 0x00000000ecf00000 space 1024K,   0% used [0x00000000ecf00000, 0x00000000ecf00000, 0x00000000ed000000)
          F TS     0 PTAMS 0x00000000ed000000 NTAMS 0x00000000ed000000 space 1024K,   0% used [0x00000000ed000000, 0x00000000ed000000, 0x00000000ed100000)
          F TS     0 PTAMS 0x00000000ed100000 NTAMS 0x00000000ed100000 space 1024K,   0% used [0x00000000ed100000, 0x00000000ed100000, 0x00000000ed200000)
          F TS     0 PTAMS 0x00000000ed200000 NTAMS 0x00000000ed200000 space 1024K,   0% used [0x00000000ed200000, 0x00000000ed200000, 0x00000000ed300000)
          F TS     0 PTAMS 0x00000000ed300000 NTAMS 0x00000000ed300000 space 1024K,   0% used [0x00000000ed300000, 0x00000000ed300000, 0x00000000ed400000)
          F TS     0 PTAMS 0x00000000ed400000 NTAMS 0x00000000ed400000 space 1024K,   0% used [0x00000000ed400000, 0x00000000ed400000, 0x00000000ed500000)
          F TS     0 PTAMS 0x00000000ed500000 NTAMS 0x00000000ed500000 space 1024K,   0% used [0x00000000ed500000, 0x00000000ed500000, 0x00000000ed600000)
          F TS     0 PTAMS 0x00000000ed600000 NTAMS 0x00000000ed600000 space 1024K,   0% used [0x00000000ed600000, 0x00000000ed600000, 0x00000000ed700000)
          F TS     0 PTAMS 0x00000000ed700000 NTAMS 0x00000000ed700000 space 1024K,   0% used [0x00000000ed700000, 0x00000000ed700000, 0x00000000ed800000)
          F TS     0 PTAMS 0x00000000ed800000 NTAMS 0x00000000ed800000 space 1024K,   0% used [0x00000000ed800000, 0x00000000ed800000, 0x00000000ed900000)
          F TS     0 PTAMS 0x00000000ed900000 NTAMS 0x00000000ed900000 space 1024K,   0% used [0x00000000ed900000, 0x00000000ed900000, 0x00000000eda00000)
          F TS     0 PTAMS 0x00000000eda00000 NTAMS 0x00000000eda00000 space 1024K,   0% used [0x00000000eda00000, 0x00000000eda00000, 0x00000000edb00000)
          F TS     0 PTAMS 0x00000000edb00000 NTAMS 0x00000000edb00000 space 1024K,   0% used [0x00000000edb00000, 0x00000000edb00000, 0x00000000edc00000)
          F TS     0 PTAMS 0x00000000edc00000 NTAMS 0x00000000edc00000 space 1024K,   0% used [0x00000000edc00000, 0x00000000edc00000, 0x00000000edd00000)
          F TS     0 PTAMS 0x00000000edd00000 NTAMS 0x00000000edd00000 space 1024K,   0% used [0x00000000edd00000, 0x00000000edd00000, 0x00000000ede00000)
          F TS     0 PTAMS 0x00000000ede00000 NTAMS 0x00000000ede00000 space 1024K,   0% used [0x00000000ede00000, 0x00000000ede00000, 0x00000000edf00000)
          F TS     0 PTAMS 0x00000000edf00000 NTAMS 0x00000000edf00000 space 1024K,   0% used [0x00000000edf00000, 0x00000000edf00000, 0x00000000ee000000)
          F TS     0 PTAMS 0x00000000ee000000 NTAMS 0x00000000ee000000 space 1024K,   0% used [0x00000000ee000000, 0x00000000ee000000, 0x00000000ee100000)
          F TS     0 PTAMS 0x00000000ee100000 NTAMS 0x00000000ee100000 space 1024K,   0% used [0x00000000ee100000, 0x00000000ee100000, 0x00000000ee200000)
          F TS     0 PTAMS 0x00000000ee200000 NTAMS 0x00000000ee200000 space 1024K,   0% used [0x00000000ee200000, 0x00000000ee200000, 0x00000000ee300000)
          F TS     0 PTAMS 0x00000000ee300000 NTAMS 0x00000000ee300000 space 1024K,   0% used [0x00000000ee300000, 0x00000000ee300000, 0x00000000ee400000)
          F TS     0 PTAMS 0x00000000ee400000 NTAMS 0x00000000ee400000 space 1024K,   0% used [0x00000000ee400000, 0x00000000ee400000, 0x00000000ee500000)
          F TS     0 PTAMS 0x00000000ee500000 NTAMS 0x00000000ee500000 space 1024K,   0% used [0x00000000ee500000, 0x00000000ee500000, 0x00000000ee600000)
          F TS     0 PTAMS 0x00000000ee600000 NTAMS 0x00000000ee600000 space 1024K,   0% used [0x00000000ee600000, 0x00000000ee600000, 0x00000000ee700000)
          F TS     0 PTAMS 0x00000000ee700000 NTAMS 0x00000000ee700000 space 1024K,   0% used [0x00000000ee700000, 0x00000000ee700000, 0x00000000ee800000)
          F TS     0 PTAMS 0x00000000ee800000 NTAMS 0x00000000ee800000 space 1024K,   0% used [0x00000000ee800000, 0x00000000ee800000, 0x00000000ee900000)
          F TS     0 PTAMS 0x00000000ee900000 NTAMS 0x00000000ee900000 space 1024K,   0% used [0x00000000ee900000, 0x00000000ee900000, 0x00000000eea00000)
          F TS     0 PTAMS 0x00000000eea00000 NTAMS 0x00000000eea00000 space 1024K,   0% used [0x00000000eea00000, 0x00000000eea00000, 0x00000000eeb00000)
          F TS     0 PTAMS 0x00000000eeb00000 NTAMS 0x00000000eeb00000 space 1024K,   0% used [0x00000000eeb00000, 0x00000000eeb00000, 0x00000000eec00000)
          F TS     0 PTAMS 0x00000000eec00000 NTAMS 0x00000000eec00000 space 1024K,   0% used [0x00000000eec00000, 0x00000000eec00000, 0x00000000eed00000)
          F TS     0 PTAMS 0x00000000eed00000 NTAMS 0x00000000eed00000 space 1024K,   0% used [0x00000000eed00000, 0x00000000eed00000, 0x00000000eee00000)
          F TS     0 PTAMS 0x00000000eee00000 NTAMS 0x00000000eee00000 space 1024K,   0% used [0x00000000eee00000, 0x00000000eee00000, 0x00000000eef00000)
          F TS     0 PTAMS 0x00000000eef00000 NTAMS 0x00000000eef00000 space 1024K,   0% used [0x00000000eef00000, 0x00000000eef00000, 0x00000000ef000000)
          F TS     0 PTAMS 0x00000000ef000000 NTAMS 0x00000000ef000000 space 1024K,   0% used [0x00000000ef000000, 0x00000000ef000000, 0x00000000ef100000)
          F TS     0 PTAMS 0x00000000ef100000 NTAMS 0x00000000ef100000 space 1024K,   0% used [0x00000000ef100000, 0x00000000ef100000, 0x00000000ef200000)
          F TS     0 PTAMS 0x00000000ef200000 NTAMS 0x00000000ef200000 space 1024K,   0% used [0x00000000ef200000, 0x00000000ef200000, 0x00000000ef300000)
          F TS     0 PTAMS 0x00000000ef300000 NTAMS 0x00000000ef300000 space 1024K,   0% used [0x00000000ef300000, 0x00000000ef300000, 0x00000000ef400000)
          F TS     0 PTAMS 0x00000000ef400000 NTAMS 0x00000000ef400000 space 1024K,   0% used [0x00000000ef400000, 0x00000000ef400000, 0x00000000ef500000)
          F TS     0 PTAMS 0x00000000ef500000 NTAMS 0x00000000ef500000 space 1024K,   0% used [0x00000000ef500000, 0x00000000ef500000, 0x00000000ef600000)
          F TS     0 PTAMS 0x00000000ef600000 NTAMS 0x00000000ef600000 space 1024K,   0% used [0x00000000ef600000, 0x00000000ef600000, 0x00000000ef700000)
          F TS     0 PTAMS 0x00000000ef700000 NTAMS 0x00000000ef700000 space 1024K,   0% used [0x00000000ef700000, 0x00000000ef700000, 0x00000000ef800000)
          F TS     0 PTAMS 0x00000000ef800000 NTAMS 0x00000000ef800000 space 1024K,   0% used [0x00000000ef800000, 0x00000000ef800000, 0x00000000ef900000)
          F TS     0 PTAMS 0x00000000ef900000 NTAMS 0x00000000ef900000 space 1024K,   0% used [0x00000000ef900000, 0x00000000ef900000, 0x00000000efa00000)
          F TS     0 PTAMS 0x00000000efa00000 NTAMS 0x00000000efa00000 space 1024K,   0% used [0x00000000efa00000, 0x00000000efa00000, 0x00000000efb00000)
          F TS     0 PTAMS 0x00000000efb00000 NTAMS 0x00000000efb00000 space 1024K,   0% used [0x00000000efb00000, 0x00000000efb00000, 0x00000000efc00000)
          F TS     0 PTAMS 0x00000000efc00000 NTAMS 0x00000000efc00000 space 1024K,   0% used [0x00000000efc00000, 0x00000000efc00000, 0x00000000efd00000)
          F TS     0 PTAMS 0x00000000efd00000 NTAMS 0x00000000efd00000 space 1024K,   0% used [0x00000000efd00000, 0x00000000efd00000, 0x00000000efe00000)
          F TS     0 PTAMS 0x00000000efe00000 NTAMS 0x00000000efe00000 space 1024K,   0% used [0x00000000efe00000, 0x00000000efe00000, 0x00000000eff00000)
          F TS     0 PTAMS 0x00000000eff00000 NTAMS 0x00000000eff00000 space 1024K,   0% used [0x00000000eff00000, 0x00000000eff00000, 0x00000000f0000000)
          F TS     0 PTAMS 0x00000000f0000000 NTAMS 0x00000000f0000000 space 1024K,   0% used [0x00000000f0000000, 0x00000000f0000000, 0x00000000f0100000)
          F TS     0 PTAMS 0x00000000f0100000 NTAMS 0x00000000f0100000 space 1024K,   0% used [0x00000000f0100000, 0x00000000f0100000, 0x00000000f0200000)
          F TS     0 PTAMS 0x00000000f0200000 NTAMS 0x00000000f0200000 space 1024K,   0% used [0x00000000f0200000, 0x00000000f0200000, 0x00000000f0300000)
          F TS     0 PTAMS 0x00000000f0300000 NTAMS 0x00000000f0300000 space 1024K,   0% used [0x00000000f0300000, 0x00000000f0300000, 0x00000000f0400000)
          F TS     0 PTAMS 0x00000000f0400000 NTAMS 0x00000000f0400000 space 1024K,   0% used [0x00000000f0400000, 0x00000000f0400000, 0x00000000f0500000)
          F TS     0 PTAMS 0x00000000f0500000 NTAMS 0x00000000f0500000 space 1024K,   0% used [0x00000000f0500000, 0x00000000f0500000, 0x00000000f0600000)
          F TS     0 PTAMS 0x00000000f0600000 NTAMS 0x00000000f0600000 space 1024K,   0% used [0x00000000f0600000, 0x00000000f0600000, 0x00000000f0700000)
          F TS     0 PTAMS 0x00000000f0700000 NTAMS 0x00000000f0700000 space 1024K,   0% used [0x00000000f0700000, 0x00000000f0700000, 0x00000000f0800000)
          F TS     0 PTAMS 0x00000000f0800000 NTAMS 0x00000000f0800000 space 1024K,   0% used [0x00000000f0800000, 0x00000000f0800000, 0x00000000f0900000)
          F TS     0 PTAMS 0x00000000f0900000 NTAMS 0x00000000f0900000 space 1024K,   0% used [0x00000000f0900000, 0x00000000f0900000, 0x00000000f0a00000)
          F TS     0 PTAMS 0x00000000f0a00000 NTAMS 0x00000000f0a00000 space 1024K,   0% used [0x00000000f0a00000, 0x00000000f0a00000, 0x00000000f0b00000)
          F TS     0 PTAMS 0x00000000f0b00000 NTAMS 0x00000000f0b00000 space 1024K,   0% used [0x00000000f0b00000, 0x00000000f0b00000, 0x00000000f0c00000)
          F TS     0 PTAMS 0x00000000f0c00000 NTAMS 0x00000000f0c00000 space 1024K,   0% used [0x00000000f0c00000, 0x00000000f0c00000, 0x00000000f0d00000)
          F TS     0 PTAMS 0x00000000f0d00000 NTAMS 0x00000000f0d00000 space 1024K,   0% used [0x00000000f0d00000, 0x00000000f0d00000, 0x00000000f0e00000)
          F TS     0 PTAMS 0x00000000f0e00000 NTAMS 0x00000000f0e00000 space 1024K,   0% used [0x00000000f0e00000, 0x00000000f0e00000, 0x00000000f0f00000)
          F TS     0 PTAMS 0x00000000f0f00000 NTAMS 0x00000000f0f00000 space 1024K,   0% used [0x00000000f0f00000, 0x00000000f0f00000, 0x00000000f1000000)
          F TS     0 PTAMS 0x00000000f1000000 NTAMS 0x00000000f1000000 space 1024K,   0% used [0x00000000f1000000, 0x00000000f1000000, 0x00000000f1100000)
          F TS     0 PTAMS 0x00000000f1100000 NTAMS 0x00000000f1100000 space 1024K,   0% used [0x00000000f1100000, 0x00000000f1100000, 0x00000000f1200000)
          F TS     0 PTAMS 0x00000000f1200000 NTAMS 0x00000000f1200000 space 1024K,   0% used [0x00000000f1200000, 0x00000000f1200000, 0x00000000f1300000)
          F TS     0 PTAMS 0x00000000f1300000 NTAMS 0x00000000f1300000 space 1024K,   0% used [0x00000000f1300000, 0x00000000f1300000, 0x00000000f1400000)
          F TS     0 PTAMS 0x00000000f1400000 NTAMS 0x00000000f1400000 space 1024K,   0% used [0x00000000f1400000, 0x00000000f1400000, 0x00000000f1500000)
          F TS     0 PTAMS 0x00000000f1500000 NTAMS 0x00000000f1500000 space 1024K,   0% used [0x00000000f1500000, 0x00000000f1500000, 0x00000000f1600000)
          F TS     0 PTAMS 0x00000000f1600000 NTAMS 0x00000000f1600000 space 1024K,   0% used [0x00000000f1600000, 0x00000000f1600000, 0x00000000f1700000)
          F TS     0 PTAMS 0x00000000f1700000 NTAMS 0x00000000f1700000 space 1024K,   0% used [0x00000000f1700000, 0x00000000f1700000, 0x00000000f1800000)
          F TS     0 PTAMS 0x00000000f1800000 NTAMS 0x00000000f1800000 space 1024K,   0% used [0x00000000f1800000, 0x00000000f1800000, 0x00000000f1900000)
          F TS     0 PTAMS 0x00000000f1900000 NTAMS 0x00000000f1900000 space 1024K,   0% used [0x00000000f1900000, 0x00000000f1900000, 0x00000000f1a00000)
          F TS     0 PTAMS 0x00000000f1a00000 NTAMS 0x00000000f1a00000 space 1024K,   0% used [0x00000000f1a00000, 0x00000000f1a00000, 0x00000000f1b00000)
          F TS     0 PTAMS 0x00000000f1b00000 NTAMS 0x00000000f1b00000 space 1024K,   0% used [0x00000000f1b00000, 0x00000000f1b00000, 0x00000000f1c00000)
          F TS     0 PTAMS 0x00000000f1c00000 NTAMS 0x00000000f1c00000 space 1024K,   0% used [0x00000000f1c00000, 0x00000000f1c00000, 0x00000000f1d00000)
          F TS     0 PTAMS 0x00000000f1d00000 NTAMS 0x00000000f1d00000 space 1024K,   0% used [0x00000000f1d00000, 0x00000000f1d00000, 0x00000000f1e00000)
          F TS     0 PTAMS 0x00000000f1e00000 NTAMS 0x00000000f1e00000 space 1024K,   0% used [0x00000000f1e00000, 0x00000000f1e00000, 0x00000000f1f00000)
          F TS     0 PTAMS 0x00000000f1f00000 NTAMS 0x00000000f1f00000 space 1024K,   0% used [0x00000000f1f00000, 0x00000000f1f00000, 0x00000000f2000000)
          F TS     0 PTAMS 0x00000000f2000000 NTAMS 0x00000000f2000000 space 1024K,   0% used [0x00000000f2000000, 0x00000000f2000000, 0x00000000f2100000)
          F TS     0 PTAMS 0x00000000f2100000 NTAMS 0x00000000f2100000 space 1024K,   0% used [0x00000000f2100000, 0x00000000f2100000, 0x00000000f2200000)
          F TS     0 PTAMS 0x00000000f2200000 NTAMS 0x00000000f2200000 space 1024K,   0% used [0x00000000f2200000, 0x00000000f2200000, 0x00000000f2300000)
          F TS     0 PTAMS 0x00000000f2300000 NTAMS 0x00000000f2300000 space 1024K,   0% used [0x00000000f2300000, 0x00000000f2300000, 0x00000000f2400000)
          F TS     0 PTAMS 0x00000000f2400000 NTAMS 0x00000000f2400000 space 1024K,   0% used [0x00000000f2400000, 0x00000000f2400000, 0x00000000f2500000)
          F TS     0 PTAMS 0x00000000f2500000 NTAMS 0x00000000f2500000 space 1024K,   0% used [0x00000000f2500000, 0x00000000f2500000, 0x00000000f2600000)
          F TS     0 PTAMS 0x00000000f2600000 NTAMS 0x00000000f2600000 space 1024K,   0% used [0x00000000f2600000, 0x00000000f2600000, 0x00000000f2700000)
          F TS     0 PTAMS 0x00000000f2700000 NTAMS 0x00000000f2700000 space 1024K,   0% used [0x00000000f2700000, 0x00000000f2700000, 0x00000000f2800000)
          F TS     0 PTAMS 0x00000000f2800000 NTAMS 0x00000000f2800000 space 1024K,   0% used [0x00000000f2800000, 0x00000000f2800000, 0x00000000f2900000)
          F TS     0 PTAMS 0x00000000f2900000 NTAMS 0x00000000f2900000 space 1024K,   0% used [0x00000000f2900000, 0x00000000f2900000, 0x00000000f2a00000)
          F TS     0 PTAMS 0x00000000f2a00000 NTAMS 0x00000000f2a00000 space 1024K,   0% used [0x00000000f2a00000, 0x00000000f2a00000, 0x00000000f2b00000)
          F TS     0 PTAMS 0x00000000f2b00000 NTAMS 0x00000000f2b00000 space 1024K,   0% used [0x00000000f2b00000, 0x00000000f2b00000, 0x00000000f2c00000)
          F TS     0 PTAMS 0x00000000f2c00000 NTAMS 0x00000000f2c00000 space 1024K,   0% used [0x00000000f2c00000, 0x00000000f2c00000, 0x00000000f2d00000)
          F TS     0 PTAMS 0x00000000f2d00000 NTAMS 0x00000000f2d00000 space 1024K,   0% used [0x00000000f2d00000, 0x00000000f2d00000, 0x00000000f2e00000)
          F TS     0 PTAMS 0x00000000f2e00000 NTAMS 0x00000000f2e00000 space 1024K,   0% used [0x00000000f2e00000, 0x00000000f2e00000, 0x00000000f2f00000)
          F TS     0 PTAMS 0x00000000f2f00000 NTAMS 0x00000000f2f00000 space 1024K,   0% used [0x00000000f2f00000, 0x00000000f2f00000, 0x00000000f3000000)
          F TS     0 PTAMS 0x00000000f3000000 NTAMS 0x00000000f3000000 space 1024K,   0% used [0x00000000f3000000, 0x00000000f3000000, 0x00000000f3100000)
          F TS     0 PTAMS 0x00000000f3100000 NTAMS 0x00000000f3100000 space 1024K,   0% used [0x00000000f3100000, 0x00000000f3100000, 0x00000000f3200000)
          F TS     0 PTAMS 0x00000000f3200000 NTAMS 0x00000000f3200000 space 1024K,   0% used [0x00000000f3200000, 0x00000000f3200000, 0x00000000f3300000)
          F TS     0 PTAMS 0x00000000f3300000 NTAMS 0x00000000f3300000 space 1024K,   0% used [0x00000000f3300000, 0x00000000f3300000, 0x00000000f3400000)
          F TS     0 PTAMS 0x00000000f3400000 NTAMS 0x00000000f3400000 space 1024K,   0% used [0x00000000f3400000, 0x00000000f3400000, 0x00000000f3500000)
          F TS     0 PTAMS 0x00000000f3500000 NTAMS 0x00000000f3500000 space 1024K,   0% used [0x00000000f3500000, 0x00000000f3500000, 0x00000000f3600000)
          F TS     0 PTAMS 0x00000000f3600000 NTAMS 0x00000000f3600000 space 1024K,   0% used [0x00000000f3600000, 0x00000000f3600000, 0x00000000f3700000)
          F TS     0 PTAMS 0x00000000f3700000 NTAMS 0x00000000f3700000 space 1024K,   0% used [0x00000000f3700000, 0x00000000f3700000, 0x00000000f3800000)
          F TS     0 PTAMS 0x00000000f3800000 NTAMS 0x00000000f3800000 space 1024K,   0% used [0x00000000f3800000, 0x00000000f3800000, 0x00000000f3900000)
          F TS     0 PTAMS 0x00000000f3900000 NTAMS 0x00000000f3900000 space 1024K,   0% used [0x00000000f3900000, 0x00000000f3900000, 0x00000000f3a00000)
          F TS     0 PTAMS 0x00000000f3a00000 NTAMS 0x00000000f3a00000 space 1024K,   0% used [0x00000000f3a00000, 0x00000000f3a00000, 0x00000000f3b00000)
          F TS     0 PTAMS 0x00000000f3b00000 NTAMS 0x00000000f3b00000 space 1024K,   0% used [0x00000000f3b00000, 0x00000000f3b00000, 0x00000000f3c00000)
          F TS     0 PTAMS 0x00000000f3c00000 NTAMS 0x00000000f3c00000 space 1024K,   0% used [0x00000000f3c00000, 0x00000000f3c00000, 0x00000000f3d00000)
          F TS     0 PTAMS 0x00000000f3d00000 NTAMS 0x00000000f3d00000 space 1024K,   0% used [0x00000000f3d00000, 0x00000000f3d00000, 0x00000000f3e00000)
          F TS     0 PTAMS 0x00000000f3e00000 NTAMS 0x00000000f3e00000 space 1024K,   0% used [0x00000000f3e00000, 0x00000000f3e00000, 0x00000000f3f00000)
          F TS     0 PTAMS 0x00000000f3f00000 NTAMS 0x00000000f3f00000 space 1024K,   0% used [0x00000000f3f00000, 0x00000000f3f00000, 0x00000000f4000000)
          F TS     0 PTAMS 0x00000000f4000000 NTAMS 0x00000000f4000000 space 1024K,   0% used [0x00000000f4000000, 0x00000000f4000000, 0x00000000f4100000)
          F TS     0 PTAMS 0x00000000f4100000 NTAMS 0x00000000f4100000 space 1024K,   0% used [0x00000000f4100000, 0x00000000f4100000, 0x00000000f4200000)
          F TS     0 PTAMS 0x00000000f4200000 NTAMS 0x00000000f4200000 space 1024K,   0% used [0x00000000f4200000, 0x00000000f4200000, 0x00000000f4300000)
          F TS     0 PTAMS 0x00000000f4300000 NTAMS 0x00000000f4300000 space 1024K,   0% used [0x00000000f4300000, 0x00000000f4300000, 0x00000000f4400000)
          F TS     0 PTAMS 0x00000000f4400000 NTAMS 0x00000000f4400000 space 1024K,   0% used [0x00000000f4400000, 0x00000000f4400000, 0x00000000f4500000)
          F TS     0 PTAMS 0x00000000f4500000 NTAMS 0x00000000f4500000 space 1024K,   0% used [0x00000000f4500000, 0x00000000f4500000, 0x00000000f4600000)
          F TS     0 PTAMS 0x00000000f4600000 NTAMS 0x00000000f4600000 space 1024K,   0% used [0x00000000f4600000, 0x00000000f4600000, 0x00000000f4700000)
          F TS     0 PTAMS 0x00000000f4700000 NTAMS 0x00000000f4700000 space 1024K,   0% used [0x00000000f4700000, 0x00000000f4700000, 0x00000000f4800000)
          F TS     0 PTAMS 0x00000000f4800000 NTAMS 0x00000000f4800000 space 1024K,   0% used [0x00000000f4800000, 0x00000000f4800000, 0x00000000f4900000)
          F TS     0 PTAMS 0x00000000f4900000 NTAMS 0x00000000f4900000 space 1024K,   0% used [0x00000000f4900000, 0x00000000f4900000, 0x00000000f4a00000)
          F TS     0 PTAMS 0x00000000f4a00000 NTAMS 0x00000000f4a00000 space 1024K,   0% used [0x00000000f4a00000, 0x00000000f4a00000, 0x00000000f4b00000)
          F TS     0 PTAMS 0x00000000f4b00000 NTAMS 0x00000000f4b00000 space 1024K,   0% used [0x00000000f4b00000, 0x00000000f4b00000, 0x00000000f4c00000)
          F TS     0 PTAMS 0x00000000f4c00000 NTAMS 0x00000000f4c00000 space 1024K,   0% used [0x00000000f4c00000, 0x00000000f4c00000, 0x00000000f4d00000)
          F TS     0 PTAMS 0x00000000f4d00000 NTAMS 0x00000000f4d00000 space 1024K,   0% used [0x00000000f4d00000, 0x00000000f4d00000, 0x00000000f4e00000)
          F TS     0 PTAMS 0x00000000f4e00000 NTAMS 0x00000000f4e00000 space 1024K,   0% used [0x00000000f4e00000, 0x00000000f4e00000, 0x00000000f4f00000)
          F TS     0 PTAMS 0x00000000f4f00000 NTAMS 0x00000000f4f00000 space 1024K,   0% used [0x00000000f4f00000, 0x00000000f4f00000, 0x00000000f5000000)
          F TS     0 PTAMS 0x00000000f5000000 NTAMS 0x00000000f5000000 space 1024K,   0% used [0x00000000f5000000, 0x00000000f5000000, 0x00000000f5100000)
          F TS     0 PTAMS 0x00000000f5100000 NTAMS 0x00000000f5100000 space 1024K,   0% used [0x00000000f5100000, 0x00000000f5100000, 0x00000000f5200000)
          F TS     0 PTAMS 0x00000000f5200000 NTAMS 0x00000000f5200000 space 1024K,   0% used [0x00000000f5200000, 0x00000000f5200000, 0x00000000f5300000)
          F TS     0 PTAMS 0x00000000f5300000 NTAMS 0x00000000f5300000 space 1024K,   0% used [0x00000000f5300000, 0x00000000f5300000, 0x00000000f5400000)
          F TS     0 PTAMS 0x00000000f5400000 NTAMS 0x00000000f5400000 space 1024K,   0% used [0x00000000f5400000, 0x00000000f5400000, 0x00000000f5500000)
          F TS     0 PTAMS 0x00000000f5500000 NTAMS 0x00000000f5500000 space 1024K,   0% used [0x00000000f5500000, 0x00000000f5500000, 0x00000000f5600000)
          F TS     0 PTAMS 0x00000000f5600000 NTAMS 0x00000000f5600000 space 1024K,   0% used [0x00000000f5600000, 0x00000000f5600000, 0x00000000f5700000)
          F TS     0 PTAMS 0x00000000f5700000 NTAMS 0x00000000f5700000 space 1024K,   0% used [0x00000000f5700000, 0x00000000f5700000, 0x00000000f5800000)
          F TS     0 PTAMS 0x00000000f5800000 NTAMS 0x00000000f5800000 space 1024K,   0% used [0x00000000f5800000, 0x00000000f5800000, 0x00000000f5900000)
          F TS     0 PTAMS 0x00000000f5900000 NTAMS 0x00000000f5900000 space 1024K,   0% used [0x00000000f5900000, 0x00000000f5900000, 0x00000000f5a00000)
          F TS     0 PTAMS 0x00000000f5a00000 NTAMS 0x00000000f5a00000 space 1024K,   0% used [0x00000000f5a00000, 0x00000000f5a00000, 0x00000000f5b00000)
          F TS     0 PTAMS 0x00000000f5b00000 NTAMS 0x00000000f5b00000 space 1024K,   0% used [0x00000000f5b00000, 0x00000000f5b00000, 0x00000000f5c00000)
          F TS     0 PTAMS 0x00000000f5c00000 NTAMS 0x00000000f5c00000 space 1024K,   0% used [0x00000000f5c00000, 0x00000000f5c00000, 0x00000000f5d00000)
          F TS     0 PTAMS 0x00000000f5d00000 NTAMS 0x00000000f5d00000 space 1024K,   0% used [0x00000000f5d00000, 0x00000000f5d00000, 0x00000000f5e00000)
          F TS     0 PTAMS 0x00000000f5e00000 NTAMS 0x00000000f5e00000 space 1024K,   0% used [0x00000000f5e00000, 0x00000000f5e00000, 0x00000000f5f00000)
          F TS     0 PTAMS 0x00000000f5f00000 NTAMS 0x00000000f5f00000 space 1024K,   0% used [0x00000000f5f00000, 0x00000000f5f00000, 0x00000000f6000000)
          F TS     0 PTAMS 0x00000000f6000000 NTAMS 0x00000000f6000000 space 1024K,   0% used [0x00000000f6000000, 0x00000000f6000000, 0x00000000f6100000)
          F TS     0 PTAMS 0x00000000f6100000 NTAMS 0x00000000f6100000 space 1024K,   0% used [0x00000000f6100000, 0x00000000f6100000, 0x00000000f6200000)
          F TS     0 PTAMS 0x00000000f6200000 NTAMS 0x00000000f6200000 space 1024K,   0% used [0x00000000f6200000, 0x00000000f6200000, 0x00000000f6300000)
          F TS     0 PTAMS 0x00000000f6300000 NTAMS 0x00000000f6300000 space 1024K,   0% used [0x00000000f6300000, 0x00000000f6300000, 0x00000000f6400000)
          F TS     0 PTAMS 0x00000000f6400000 NTAMS 0x00000000f6400000 space 1024K,   0% used [0x00000000f6400000, 0x00000000f6400000, 0x00000000f6500000)
          F TS     0 PTAMS 0x00000000f6500000 NTAMS 0x00000000f6500000 space 1024K,   0% used [0x00000000f6500000, 0x00000000f6500000, 0x00000000f6600000)
          F TS     0 PTAMS 0x00000000f6600000 NTAMS 0x00000000f6600000 space 1024K,   0% used [0x00000000f6600000, 0x00000000f6600000, 0x00000000f6700000)
          F TS     0 PTAMS 0x00000000f6700000 NTAMS 0x00000000f6700000 space 1024K,   0% used [0x00000000f6700000, 0x00000000f6700000, 0x00000000f6800000)
          F TS     0 PTAMS 0x00000000f6800000 NTAMS 0x00000000f6800000 space 1024K,   0% used [0x00000000f6800000, 0x00000000f6800000, 0x00000000f6900000)
          F TS     0 PTAMS 0x00000000f6900000 NTAMS 0x00000000f6900000 space 1024K,   0% used [0x00000000f6900000, 0x00000000f6900000, 0x00000000f6a00000)
          F TS     0 PTAMS 0x00000000f6a00000 NTAMS 0x00000000f6a00000 space 1024K,   0% used [0x00000000f6a00000, 0x00000000f6a00000, 0x00000000f6b00000)
          F TS     0 PTAMS 0x00000000f6b00000 NTAMS 0x00000000f6b00000 space 1024K,   0% used [0x00000000f6b00000, 0x00000000f6b00000, 0x00000000f6c00000)
          F TS     0 PTAMS 0x00000000f6c00000 NTAMS 0x00000000f6c00000 space 1024K,   0% used [0x00000000f6c00000, 0x00000000f6c00000, 0x00000000f6d00000)
          F TS     0 PTAMS 0x00000000f6d00000 NTAMS 0x00000000f6d00000 space 1024K,   0% used [0x00000000f6d00000, 0x00000000f6d00000, 0x00000000f6e00000)
          F TS     0 PTAMS 0x00000000f6e00000 NTAMS 0x00000000f6e00000 space 1024K,   0% used [0x00000000f6e00000, 0x00000000f6e00000, 0x00000000f6f00000)
          F TS     0 PTAMS 0x00000000f6f00000 NTAMS 0x00000000f6f00000 space 1024K,   0% used [0x00000000f6f00000, 0x00000000f6f00000, 0x00000000f7000000)
          F TS     0 PTAMS 0x00000000f7000000 NTAMS 0x00000000f7000000 space 1024K,   0% used [0x00000000f7000000, 0x00000000f7000000, 0x00000000f7100000)
          F TS     0 PTAMS 0x00000000f7100000 NTAMS 0x00000000f7100000 space 1024K,   0% used [0x00000000f7100000, 0x00000000f7100000, 0x00000000f7200000)
          F TS     0 PTAMS 0x00000000f7200000 NTAMS 0x00000000f7200000 space 1024K,   0% used [0x00000000f7200000, 0x00000000f7200000, 0x00000000f7300000)
          F TS     0 PTAMS 0x00000000f7300000 NTAMS 0x00000000f7300000 space 1024K,   0% used [0x00000000f7300000, 0x00000000f7300000, 0x00000000f7400000)
          F TS     0 PTAMS 0x00000000f7400000 NTAMS 0x00000000f7400000 space 1024K,   0% used [0x00000000f7400000, 0x00000000f7400000, 0x00000000f7500000)
          F TS     0 PTAMS 0x00000000f7500000 NTAMS 0x00000000f7500000 space 1024K,   0% used [0x00000000f7500000, 0x00000000f7500000, 0x00000000f7600000)
          F TS     0 PTAMS 0x00000000f7600000 NTAMS 0x00000000f7600000 space 1024K,   0% used [0x00000000f7600000, 0x00000000f7600000, 0x00000000f7700000)
          F TS     0 PTAMS 0x00000000f7700000 NTAMS 0x00000000f7700000 space 1024K,   0% used [0x00000000f7700000, 0x00000000f7700000, 0x00000000f7800000)
          F TS     0 PTAMS 0x00000000f7800000 NTAMS 0x00000000f7800000 space 1024K,   0% used [0x00000000f7800000, 0x00000000f7800000, 0x00000000f7900000)
          F TS     0 PTAMS 0x00000000f7900000 NTAMS 0x00000000f7900000 space 1024K,   0% used [0x00000000f7900000, 0x00000000f7900000, 0x00000000f7a00000)
          F TS     0 PTAMS 0x00000000f7a00000 NTAMS 0x00000000f7a00000 space 1024K,   0% used [0x00000000f7a00000, 0x00000000f7a00000, 0x00000000f7b00000)
          F TS     0 PTAMS 0x00000000f7b00000 NTAMS 0x00000000f7b00000 space 1024K,   0% used [0x00000000f7b00000, 0x00000000f7b00000, 0x00000000f7c00000)
          F TS     0 PTAMS 0x00000000f7c00000 NTAMS 0x00000000f7c00000 space 1024K,   0% used [0x00000000f7c00000, 0x00000000f7c00000, 0x00000000f7d00000)
          F TS     0 PTAMS 0x00000000f7d00000 NTAMS 0x00000000f7d00000 space 1024K,   0% used [0x00000000f7d00000, 0x00000000f7d00000, 0x00000000f7e00000)
          F TS     0 PTAMS 0x00000000f7e00000 NTAMS 0x00000000f7e00000 space 1024K,   0% used [0x00000000f7e00000, 0x00000000f7e00000, 0x00000000f7f00000)
          F TS     0 PTAMS 0x00000000f7f00000 NTAMS 0x00000000f7f00000 space 1024K,   0% used [0x00000000f7f00000, 0x00000000f7f00000, 0x00000000f8000000)
          F TS     0 PTAMS 0x00000000f8000000 NTAMS 0x00000000f8000000 space 1024K,   0% used [0x00000000f8000000, 0x00000000f8000000, 0x00000000f8100000)
          F TS     0 PTAMS 0x00000000f8100000 NTAMS 0x00000000f8100000 space 1024K,   0% used [0x00000000f8100000, 0x00000000f8100000, 0x00000000f8200000)
          F TS     0 PTAMS 0x00000000f8200000 NTAMS 0x00000000f8200000 space 1024K,   0% used [0x00000000f8200000, 0x00000000f8200000, 0x00000000f8300000)
          F TS     0 PTAMS 0x00000000f8300000 NTAMS 0x00000000f8300000 space 1024K,   0% used [0x00000000f8300000, 0x00000000f8300000, 0x00000000f8400000)
          F TS     0 PTAMS 0x00000000f8400000 NTAMS 0x00000000f8400000 space 1024K,   0% used [0x00000000f8400000, 0x00000000f8400000, 0x00000000f8500000)
          F TS     0 PTAMS 0x00000000f8500000 NTAMS 0x00000000f8500000 space 1024K,   0% used [0x00000000f8500000, 0x00000000f8500000, 0x00000000f8600000)
          F TS     0 PTAMS 0x00000000f8600000 NTAMS 0x00000000f8600000 space 1024K,   0% used [0x00000000f8600000, 0x00000000f8600000, 0x00000000f8700000)
          F TS     0 PTAMS 0x00000000f8700000 NTAMS 0x00000000f8700000 space 1024K,   0% used [0x00000000f8700000, 0x00000000f8700000, 0x00000000f8800000)
          F TS     0 PTAMS 0x00000000f8800000 NTAMS 0x00000000f8800000 space 1024K,   0% used [0x00000000f8800000, 0x00000000f8800000, 0x00000000f8900000)
          F TS     0 PTAMS 0x00000000f8900000 NTAMS 0x00000000f8900000 space 1024K,   0% used [0x00000000f8900000, 0x00000000f8900000, 0x00000000f8a00000)
          F TS     0 PTAMS 0x00000000f8a00000 NTAMS 0x00000000f8a00000 space 1024K,   0% used [0x00000000f8a00000, 0x00000000f8a00000, 0x00000000f8b00000)
          F TS     0 PTAMS 0x00000000f8b00000 NTAMS 0x00000000f8b00000 space 1024K,   0% used [0x00000000f8b00000, 0x00000000f8b00000, 0x00000000f8c00000)
          F TS     0 PTAMS 0x00000000f8c00000 NTAMS 0x00000000f8c00000 space 1024K,   0% used [0x00000000f8c00000, 0x00000000f8c00000, 0x00000000f8d00000)
          F TS     0 PTAMS 0x00000000f8d00000 NTAMS 0x00000000f8d00000 space 1024K,   0% used [0x00000000f8d00000, 0x00000000f8d00000, 0x00000000f8e00000)
          F TS     0 PTAMS 0x00000000f8e00000 NTAMS 0x00000000f8e00000 space 1024K,   0% used [0x00000000f8e00000, 0x00000000f8e00000, 0x00000000f8f00000)
          F TS     0 PTAMS 0x00000000f8f00000 NTAMS 0x00000000f8f00000 space 1024K,   0% used [0x00000000f8f00000, 0x00000000f8f00000, 0x00000000f9000000)
          F TS     0 PTAMS 0x00000000f9000000 NTAMS 0x00000000f9000000 space 1024K,   0% used [0x00000000f9000000, 0x00000000f9000000, 0x00000000f9100000)
          F TS     0 PTAMS 0x00000000f9100000 NTAMS 0x00000000f9100000 space 1024K,   0% used [0x00000000f9100000, 0x00000000f9100000, 0x00000000f9200000)
          F TS     0 PTAMS 0x00000000f9200000 NTAMS 0x00000000f9200000 space 1024K,   0% used [0x00000000f9200000, 0x00000000f9200000, 0x00000000f9300000)
          F TS     0 PTAMS 0x00000000f9300000 NTAMS 0x00000000f9300000 space 1024K,   0% used [0x00000000f9300000, 0x00000000f9300000, 0x00000000f9400000)
          F TS     0 PTAMS 0x00000000f9400000 NTAMS 0x00000000f9400000 space 1024K,   0% used [0x00000000f9400000, 0x00000000f9400000, 0x00000000f9500000)
          F TS     0 PTAMS 0x00000000f9500000 NTAMS 0x00000000f9500000 space 1024K,   0% used [0x00000000f9500000, 0x00000000f9500000, 0x00000000f9600000)
          F TS     0 PTAMS 0x00000000f9600000 NTAMS 0x00000000f9600000 space 1024K,   0% used [0x00000000f9600000, 0x00000000f9600000, 0x00000000f9700000)
          F TS     0 PTAMS 0x00000000f9700000 NTAMS 0x00000000f9700000 space 1024K,   0% used [0x00000000f9700000, 0x00000000f9700000, 0x00000000f9800000)
          F TS     0 PTAMS 0x00000000f9800000 NTAMS 0x00000000f9800000 space 1024K,   0% used [0x00000000f9800000, 0x00000000f9800000, 0x00000000f9900000)
          F TS     0 PTAMS 0x00000000f9900000 NTAMS 0x00000000f9900000 space 1024K,   0% used [0x00000000f9900000, 0x00000000f9900000, 0x00000000f9a00000)
          F TS     0 PTAMS 0x00000000f9a00000 NTAMS 0x00000000f9a00000 space 1024K,   0% used [0x00000000f9a00000, 0x00000000f9a00000, 0x00000000f9b00000)
          F TS     0 PTAMS 0x00000000f9b00000 NTAMS 0x00000000f9b00000 space 1024K,   0% used [0x00000000f9b00000, 0x00000000f9b00000, 0x00000000f9c00000)
          F TS     0 PTAMS 0x00000000f9c00000 NTAMS 0x00000000f9c00000 space 1024K,   0% used [0x00000000f9c00000, 0x00000000f9c00000, 0x00000000f9d00000)
          F TS     0 PTAMS 0x00000000f9d00000 NTAMS 0x00000000f9d00000 space 1024K,   0% used [0x00000000f9d00000, 0x00000000f9d00000, 0x00000000f9e00000)
          F TS     0 PTAMS 0x00000000f9e00000 NTAMS 0x00000000f9e00000 space 1024K,   0% used [0x00000000f9e00000, 0x00000000f9e00000, 0x00000000f9f00000)
          F TS     0 PTAMS 0x00000000f9f00000 NTAMS 0x00000000f9f00000 space 1024K,   0% used [0x00000000f9f00000, 0x00000000f9f00000, 0x00000000fa000000)
          F TS     0 PTAMS 0x00000000fa000000 NTAMS 0x00000000fa000000 space 1024K,   0% used [0x00000000fa000000, 0x00000000fa000000, 0x00000000fa100000)
          F TS     0 PTAMS 0x00000000fa100000 NTAMS 0x00000000fa100000 space 1024K,   0% used [0x00000000fa100000, 0x00000000fa100000, 0x00000000fa200000)
          F TS     0 PTAMS 0x00000000fa200000 NTAMS 0x00000000fa200000 space 1024K,   0% used [0x00000000fa200000, 0x00000000fa200000, 0x00000000fa300000)
          F TS     0 PTAMS 0x00000000fa300000 NTAMS 0x00000000fa300000 space 1024K,   0% used [0x00000000fa300000, 0x00000000fa300000, 0x00000000fa400000)
          F TS     0 PTAMS 0x00000000fa400000 NTAMS 0x00000000fa400000 space 1024K,   0% used [0x00000000fa400000, 0x00000000fa400000, 0x00000000fa500000)
          F TS     0 PTAMS 0x00000000fa500000 NTAMS 0x00000000fa500000 space 1024K,   0% used [0x00000000fa500000, 0x00000000fa500000, 0x00000000fa600000)
          F TS     0 PTAMS 0x00000000fa600000 NTAMS 0x00000000fa600000 space 1024K,   0% used [0x00000000fa600000, 0x00000000fa600000, 0x00000000fa700000)
          F TS     0 PTAMS 0x00000000fa700000 NTAMS 0x00000000fa700000 space 1024K,   0% used [0x00000000fa700000, 0x00000000fa700000, 0x00000000fa800000)
          F TS     0 PTAMS 0x00000000fa800000 NTAMS 0x00000000fa800000 space 1024K,   0% used [0x00000000fa800000, 0x00000000fa800000, 0x00000000fa900000)
          F TS     0 PTAMS 0x00000000fa900000 NTAMS 0x00000000fa900000 space 1024K,   0% used [0x00000000fa900000, 0x00000000fa900000, 0x00000000faa00000)
          F TS     0 PTAMS 0x00000000faa00000 NTAMS 0x00000000faa00000 space 1024K,   0% used [0x00000000faa00000, 0x00000000faa00000, 0x00000000fab00000)
          F TS     0 PTAMS 0x00000000fab00000 NTAMS 0x00000000fab00000 space 1024K,   0% used [0x00000000fab00000, 0x00000000fab00000, 0x00000000fac00000)
          F TS     0 PTAMS 0x00000000fac00000 NTAMS 0x00000000fac00000 space 1024K,   0% used [0x00000000fac00000, 0x00000000fac00000, 0x00000000fad00000)
          F TS     0 PTAMS 0x00000000fad00000 NTAMS 0x00000000fad00000 space 1024K,   0% used [0x00000000fad00000, 0x00000000fad00000, 0x00000000fae00000)
GC Heap History (10 events):
Event: 2.069 GC heap before
{Heap before GC invocations=4 (full 0):
 garbage-first heap   total 524288K, used 37894K [0x00000000dae00000, 0x00000000fae00000, 0x00000000fae00000)
  region size 1024K, 25 young (25600K), 5 survivors (5120K)
 compacting perm gen  total 20480K, used 10286K [0x00000000fae00000, 0x00000000fc200000, 0x0000000100000000)
   the space 20480K,  50% used [0x00000000fae00000, 0x00000000fb80b898, 0x00000000fb80ba00, 0x00000000fc200000)
No shared spaces configured.
Event: 2.080 GC heap after
Heap after GC invocations=5 (full 0):
 garbage-first heap   total 524288K, used 22022K [0x00000000dae00000, 0x00000000fae00000, 0x00000000fae00000)
  region size 1024K, 5 young (5120K), 5 survivors (5120K)
 compacting perm gen  total 20480K, used 10286K [0x00000000fae00000, 0x00000000fc200000, 0x0000000100000000)
   the space 20480K,  50% used [0x00000000fae00000, 0x00000000fb80b898, 0x00000000fb80ba00, 0x00000000fc200000)
No shared spaces configured.
}
Event: 2.246 GC heap before
{Heap before GC invocations=5 (full 0):
 garbage-first heap   total 524288K, used 42502K [0x00000000dae00000, 0x00000000fae00000, 0x00000000fae00000)
  region size 1024K, 25 young (25600K), 5 survivors (5120K)
 compacting perm gen  total 20480K, used 10329K [0x00000000fae00000, 0x00000000fc200000, 0x0000000100000000)
   the space 20480K,  50% used [0x00000000fae00000, 0x00000000fb816580, 0x00000000fb816600, 0x00000000fc200000)
No shared spaces configured.
Event: 2.255 GC heap after
Heap after GC invocations=6 (full 0):
 garbage-first heap   total 524288K, used 27142K [0x00000000dae00000, 0x00000000fae00000, 0x00000000fae00000)
  region size 1024K, 5 young (5120K), 5 survivors (5120K)
 compacting perm gen  total 20480K, used 10329K [0x00000000fae00000, 0x00000000fc200000, 0x0000000100000000)
   the space 20480K,  50% used [0x00000000fae00000, 0x00000000fb816580, 0x00000000fb816600, 0x00000000fc200000)
No shared spaces configured.
}
Event: 2.490 GC heap before
{Heap before GC invocations=6 (full 0):
 garbage-first heap   total 524288K, used 57862K [0x00000000dae00000, 0x00000000fae00000, 0x00000000fae00000)
  region size 1024K, 35 young (35840K), 5 survivors (5120K)
 compacting perm gen  total 20480K, used 10415K [0x00000000fae00000, 0x00000000fc200000, 0x0000000100000000)
   the space 20480K,  50% used [0x00000000fae00000, 0x00000000fb82beb8, 0x00000000fb82c000, 0x00000000fc200000)
No shared spaces configured.
Event: 2.501 GC heap after
Heap after GC invocations=7 (full 0):
 garbage-first heap   total 524288K, used 32262K [0x00000000dae00000, 0x00000000fae00000, 0x00000000fae00000)
  region size 1024K, 6 young (6144K), 6 survivors (6144K)
 compacting perm gen  total 20480K, used 10415K [0x00000000fae00000, 0x00000000fc200000, 0x0000000100000000)
   the space 20480K,  50% used [0x00000000fae00000, 0x00000000fb82beb8, 0x00000000fb82c000, 0x00000000fc200000)
No shared spaces configured.
}
Event: 3.654 GC heap before
{Heap before GC invocations=7 (full 0):
 garbage-first heap   total 524288K, used 200198K [0x00000000dae00000, 0x00000000fae00000, 0x00000000fae00000)
  region size 1024K, 170 young (174080K), 6 survivors (6144K)
 compacting perm gen  total 20480K, used 11067K [0x00000000fae00000, 0x00000000fc200000, 0x0000000100000000)
   the space 20480K,  54% used [0x00000000fae00000, 0x00000000fb8cec90, 0x00000000fb8cee00, 0x00000000fc200000)
No shared spaces configured.
Event: 3.696 GC heap after
Heap after GC invocations=8 (full 0):
 garbage-first heap   total 524288K, used 58374K [0x00000000dae00000, 0x00000000fae00000, 0x00000000fae00000)
  region size 1024K, 29 young (29696K), 29 survivors (29696K)
 compacting perm gen  total 20480K, used 11067K [0x00000000fae00000, 0x00000000fc200000, 0x0000000100000000)
   the space 20480K,  54% used [0x00000000fae00000, 0x00000000fb8cec90, 0x00000000fb8cee00, 0x00000000fc200000)
No shared spaces configured.
}
Event: 3.847 GC heap before
{Heap before GC invocations=8 (full 0):
 garbage-first heap   total 524288K, used 69638K [0x00000000dae00000, 0x00000000fae00000, 0x00000000fae00000)
  region size 1024K, 40 young (40960K), 29 survivors (29696K)
 compacting perm gen  total 20480K, used 11099K [0x00000000fae00000, 0x00000000fc200000, 0x0000000100000000)
   the space 20480K,  54% used [0x00000000fae00000, 0x00000000fb8d6fa8, 0x00000000fb8d7000, 0x00000000fc200000)
No shared spaces configured.
Event: 3.873 GC heap after
Heap after GC invocations=9 (full 0):
 garbage-first heap   total 524288K, used 55017K [0x00000000dae00000, 0x00000000fae00000, 0x00000000fae00000)
  region size 1024K, 4 young (4096K), 4 survivors (4096K)
 compacting perm gen  total 20480K, used 11099K [0x00000000fae00000, 0x00000000fc200000, 0x0000000100000000)
   the space 20480K,  54% used [0x00000000fae00000, 0x00000000fb8d6fa8, 0x00000000fb8d7000, 0x00000000fc200000)
No shared spaces configured.
}

